THERE_BE_DRAGONS_HERE
Pharo cannot locate the sources file named C:\Users\VictorStefano\Documents\Unity Projects\PharoVRIDE\Assets\StreamingAssets\PharoEngine\Pharo8.0-32bit-5173b02.sources.

Please check that the file is named properly and is in the
same directory as this image.
28 July 2020 4:17:21.288577 pm

VM: Win32 - X64 - 6.2 - CoInterpreter VMMaker.oscog-eem.2509 uuid: 91e81f64-95de-4914-a960-8f842be3a194 Sep 13 2019
StackToRegisterMappingCogit VMMaker.oscog-eem.2509 uuid: 91e81f64-95de-4914-a960-8f842be3a194 Sep 13 2019
VM: 201907031441-pharo Guille@DESKTOP-MG6660L:projects/vm7/opensmalltalk-vm Date: Wed Jul 3 16:41:39 2019 CommitHash: 4e4c5b5a0 Plugins: 201907031441-pharo Guille@DESKTOP-MG6660L:projects/vm7/opensmalltalk-vm

Image: Pharo8.0.0 [Build information: Pharo-8.0.0+build.1134.sha.5173b0271894727189f261cb9eb9beaa3db3f205 (64 Bit)]

StartupUIManager>>inform:
	Receiver: a StartupUIManager
	Arguments and temporary variables: 
		arg1: 	'Pharo cannot locate the sources file named C:\Users\VictorStefano\Docume...etc...
		tmp1: 	ni
	Receiver's instance variables: 
		doNotQuitOnRestart: 	false
		uiManager: 	nil


PharoFilesOpener(Object)>>inform:
	Receiver: a PharoFilesOpener
	Arguments and temporary variables: 
		arg1: 	'Pharo cannot locate the sources file named C:\Users\VictorStefano\Docume...etc..
	Receiver's instance variables: 
		shouldInformAboutReadOnlyChanges: 	nil


PharoFilesOpener>>inform:withRef:
	Receiver: a PharoFilesOpener
	Arguments and temporary variables: 
		arg1: 	'Pharo cannot locate &fileRef.

Please check that the file is named prope...etc...
		arg2: 	'the sources file named C:\Users\VictorStefano\Documents\Unity Projects\P...etc..
	Receiver's instance variables: 
		shouldInformAboutReadOnlyChanges: 	nil


PharoFilesOpener>>inform:withSourceRef:
	Receiver: a PharoFilesOpener
	Arguments and temporary variables: 
		arg1: 	'Pharo cannot locate &fileRef.

Please check that the file is named prope...etc...
		arg2: 	'C:\Users\VictorStefano\Documents\Unity Projects\PharoVRIDE\Assets\Stream...etc..
	Receiver's instance variables: 
		shouldInformAboutReadOnlyChanges: 	nil


PharoFilesOpener>>informCannotLocateSources
	Receiver: a PharoFilesOpener
	Arguments and temporary variables: 
		tmp1: 	'Pharo cannot locate &fileRef.

Please check that the file is named prope...etc..
	Receiver's instance variables: 
		shouldInformAboutReadOnlyChanges: 	nil


PharoFilesOpener>>sourcesFileOrNil
	Receiver: a PharoFilesOpener
	Arguments and temporary variables: 
		tmp1: 	SourceFile(C:\Users\VictorStefano\Documents\Unity Projects\PharoVRIDE\Ass...etc..
	Receiver's instance variables: 
		shouldInformAboutReadOnlyChanges: 	nil


SourceFileArray>>ensureOpen
	Receiver: a SourceFileArray
	Arguments and temporary variables: 
		tmp1: 	nil
		tmp2: 	ni
	Receiver's instance variables: 
		files: 	#(nil nil)
		readOnlyQueue: 	SharedQueue with 0 items
		flushChanges: 	true


SmalltalkImage>>openSourceFiles
	Receiver: Smalltalk
	Arguments and temporary variables: 

	Receiver's instance variables: 
		globals: 	a SystemDictionary(lots of globals)
		specialObjectsArray: 	an Array(nil false true #Processor->Processor Bitmap Small...etc...
		vm: 	a VirtualMachine


SourceFileArray class>>startUp:
	Receiver: SourceFileArray
	Arguments and temporary variables: 
		arg1: 	tru
	Receiver's instance variables: 
		superclass: 	Object
		methodDict: 	a MethodDictionary(#changeRecordsFor:->SourceFileArray>>#changeReco...etc...
		format: 	65539
		layout: 	a FixedLayout
		organization: 	a ClassOrganization
		subclasses: 	nil
		name: 	#SourceFileArray
		classPool: 	a Dictionary()
		sharedPools: 	an OrderedCollection()
		environment: 	a SystemDictionary(lots of globals)
		category: 	#'System-Sources-Sources'


ClassSessionHandler>>startup:
	Receiver: a ClassSessionHandler(SourceFileArray)
	Arguments and temporary variables: 
		arg1: 	tru
	Receiver's instance variables: 
		registeredClassName: 	#SourceFileArray


[ :arg2 | arg2 startup: arg1 ] in WorkingSession>>runStartup:
	Receiver: a WorkingSession
	Arguments and temporary variables: 
		arg1: 	true
		arg2: 	a ClassSessionHandler(SourceFileArray
	Receiver's instance variables: 
		manager: 	a SessionManager
		deferredStartupActions: 	an OrderedCollection([ self new activate ])
		id: 	nil
		creationTime: 	2020-07-28T16:17:20.713577-04:00
		properties: 	a Dictionary(#accessMode->#readWrite )


[ arg2 value: arg3 ] in [ :arg3 | 
[ arg2 value: arg3 ]
	on: Exception
	do: [ :arg4 | self errorHandler handleError: arg4 ] ] in WorkingSession>>runList:do:
	Receiver: a WorkingSession
	Arguments and temporary variables: 
		arg1: 	an Array(a ClassSessionHandler(SmallInteger) a ClassSessionHandler(Sessio...etc...
		arg2: 	[ :arg2 | arg2 startup: arg1 ]
		arg3: 	a ClassSessionHandler(SourceFileArray
	Receiver's instance variables: 
		manager: 	a SessionManager
		deferredStartupActions: 	an OrderedCollection([ self new activate ])
		id: 	nil
		creationTime: 	2020-07-28T16:17:20.713577-04:00
		properties: 	a Dictionary(#accessMode->#readWrite )


BlockClosure>>on:do:
	Receiver: [ arg2 value: arg3 ]
	Arguments and temporary variables: 
		arg1: 	Exception
		arg2: 	[ :arg4 | self errorHandler handleError: arg4 
	Receiver's instance variables: 
		outerContext: 	[ :arg3 | 
[ arg2 value: arg3 ]
	on: Exception
	do: [ :arg4 | sel...etc...
		startpc: 	69
		numArgs: 	0


[ :arg3 | 
[ arg2 value: arg3 ]
	on: Exception
	do: [ :arg4 | self errorHandler handleError: arg4 ] ] in WorkingSession>>runList:do:
	Receiver: a WorkingSession
	Arguments and temporary variables: 
		arg1: 	an Array(a ClassSessionHandler(SmallInteger) a ClassSessionHandler(Sessio...etc...
		arg2: 	[ :arg2 | arg2 startup: arg1 ]
		arg3: 	a ClassSessionHandler(SourceFileArray
	Receiver's instance variables: 
		manager: 	a SessionManager
		deferredStartupActions: 	an OrderedCollection([ self new activate ])
		id: 	nil
		creationTime: 	2020-07-28T16:17:20.713577-04:00
		properties: 	a Dictionary(#accessMode->#readWrite )


Array(SequenceableCollection)>>do:
	Receiver: an Array(a ClassSessionHandler(SmallInteger) a ClassSessionHandler(SessionAccessModeResolv...etc...
	Arguments and temporary variables: 
<<error during printing>
	Receiver's instance variables: 
an Array(a ClassSessionHandler(SmallInteger) a ClassSessionHandler(SessionAccessModeResolv...etc...

WorkingSession>>runList:do:
	Receiver: a WorkingSession
	Arguments and temporary variables: 
		arg1: 	an Array(a ClassSessionHandler(SmallInteger) a ClassSessionHandler(Sessio...etc...
		arg2: 	[ :arg2 | arg2 startup: arg1 
	Receiver's instance variables: 
		manager: 	a SessionManager
		deferredStartupActions: 	an OrderedCollection([ self new activate ])
		id: 	nil
		creationTime: 	2020-07-28T16:17:20.713577-04:00
		properties: 	a Dictionary(#accessMode->#readWrite )


WorkingSession>>runStartup:
	Receiver: a WorkingSession
	Arguments and temporary variables: 
		arg1: 	tru
	Receiver's instance variables: 
		manager: 	a SessionManager
		deferredStartupActions: 	an OrderedCollection([ self new activate ])
		id: 	nil
		creationTime: 	2020-07-28T16:17:20.713577-04:00
		properties: 	a Dictionary(#accessMode->#readWrite )


WorkingSession>>start:
	Receiver: a WorkingSession
	Arguments and temporary variables: 
		arg1: 	tru
	Receiver's instance variables: 
		manager: 	a SessionManager
		deferredStartupActions: 	an OrderedCollection([ self new activate ])
		id: 	nil
		creationTime: 	2020-07-28T16:17:20.713577-04:00
		properties: 	a Dictionary(#accessMode->#readWrite )


SessionManager>>launchSnapshot:andQuit:
	Receiver: a SessionManager
	Arguments and temporary variables: 
		arg1: 	true
		arg2: 	false
		tmp1: 	true
		tmp2: 	tru
	Receiver's instance variables: 
		currentSession: 	a WorkingSession
		categories: 	an OrderedCollection(a SessionCategory(System) a SessionCategory(Ne...etc...
		guiCategory: 	a SessionCategory(Graphical User Interface)
		toolsCategory: 	a SessionCategory(Tools)
		networkCategory: 	a SessionCategory(Network)
		systemCategory: 	a SessionCategory(System)
		userCategory: 	a SessionCategory(User)


[ tmp3 := self launchSnapshot: arg1 andQuit: arg2.
tmp1 signal ] in SessionManager>>snapshot:andQuit:
	Receiver: a SessionManager
	Arguments and temporary variables: 
<<error during printing>
	Receiver's instance variables: 
		currentSession: 	a WorkingSession
		categories: 	an OrderedCollection(a SessionCategory(System) a SessionCategory(Ne...etc...
		guiCategory: 	a SessionCategory(Graphical User Interface)
		toolsCategory: 	a SessionCategory(Tools)
		networkCategory: 	a SessionCategory(Network)
		systemCategory: 	a SessionCategory(System)
		userCategory: 	a SessionCategory(User)


[ self value.
Processor terminateActive ] in BlockClosure>>newProcess
	Receiver: [ tmp3 := self launchSnapshot: arg1 andQuit: arg2.
tmp1 signal ]
	Arguments and temporary variables: 

	Receiver's instance variables: 
		outerContext: 	SessionManager>>snapshot:andQuit:
		startpc: 	135
		numArgs: 	0



--- The full stack ---
StartupUIManager>>inform:
PharoFilesOpener(Object)>>inform:
PharoFilesOpener>>inform:withRef:
PharoFilesOpener>>inform:withSourceRef:
PharoFilesOpener>>informCannotLocateSources
PharoFilesOpener>>sourcesFileOrNil
SourceFileArray>>ensureOpen
SmalltalkImage>>openSourceFiles
SourceFileArray class>>startUp:
ClassSessionHandler>>startup:
[ :arg2 | arg2 startup: arg1 ] in WorkingSession>>runStartup:
[ arg2 value: arg3 ] in [ :arg3 | 
[ arg2 value: arg3 ]
	on: Exception
	do: [ :arg4 | self errorHandler handleError: arg4 ] ] in WorkingSession>>runList:do:
BlockClosure>>on:do:
[ :arg3 | 
[ arg2 value: arg3 ]
	on: Exception
	do: [ :arg4 | self errorHandler handleError: arg4 ] ] in WorkingSession>>runList:do:
Array(SequenceableCollection)>>do:
WorkingSession>>runList:do:
WorkingSession>>runStartup:
WorkingSession>>start:
SessionManager>>launchSnapshot:andQuit:
[ tmp3 := self launchSnapshot: arg1 andQuit: arg2.
tmp1 signal ] in SessionManager>>snapshot:andQuit:
[ self value.
Processor terminateActive ] in BlockClosure>>newProcess
-------------------------------------------------------------------------------

THERE_BE_DRAGONS_HERE
Pharo cannot locate the sources file named C:\Users\VictorStefano\Documents\Unity Projects\PharoVRIDE\Assets\StreamingAssets\PharoEngine\Pharo8.0-32bit-5173b02.sources.

Please check that the file is named properly and is in the
same directory as this image.
28 July 2020 4:21:21.227797 pm

VM: Win32 - X64 - 6.2 - CoInterpreter VMMaker.oscog-eem.2509 uuid: 91e81f64-95de-4914-a960-8f842be3a194 Sep 13 2019
StackToRegisterMappingCogit VMMaker.oscog-eem.2509 uuid: 91e81f64-95de-4914-a960-8f842be3a194 Sep 13 2019
VM: 201907031441-pharo Guille@DESKTOP-MG6660L:projects/vm7/opensmalltalk-vm Date: Wed Jul 3 16:41:39 2019 CommitHash: 4e4c5b5a0 Plugins: 201907031441-pharo Guille@DESKTOP-MG6660L:projects/vm7/opensmalltalk-vm

Image: Pharo8.0.0 [Build information: Pharo-8.0.0+build.1134.sha.5173b0271894727189f261cb9eb9beaa3db3f205 (64 Bit)]

StartupUIManager>>inform:
	Receiver: a StartupUIManager
	Arguments and temporary variables: 
		arg1: 	'Pharo cannot locate the sources file named C:\Users\VictorStefano\Docume...etc...
		tmp1: 	ni
	Receiver's instance variables: 
		doNotQuitOnRestart: 	false
		uiManager: 	nil


PharoFilesOpener(Object)>>inform:
	Receiver: a PharoFilesOpener
	Arguments and temporary variables: 
		arg1: 	'Pharo cannot locate the sources file named C:\Users\VictorStefano\Docume...etc..
	Receiver's instance variables: 
		shouldInformAboutReadOnlyChanges: 	nil


PharoFilesOpener>>inform:withRef:
	Receiver: a PharoFilesOpener
	Arguments and temporary variables: 
		arg1: 	'Pharo cannot locate &fileRef.

Please check that the file is named prope...etc...
		arg2: 	'the sources file named C:\Users\VictorStefano\Documents\Unity Projects\P...etc..
	Receiver's instance variables: 
		shouldInformAboutReadOnlyChanges: 	nil


PharoFilesOpener>>inform:withSourceRef:
	Receiver: a PharoFilesOpener
	Arguments and temporary variables: 
		arg1: 	'Pharo cannot locate &fileRef.

Please check that the file is named prope...etc...
		arg2: 	'C:\Users\VictorStefano\Documents\Unity Projects\PharoVRIDE\Assets\Stream...etc..
	Receiver's instance variables: 
		shouldInformAboutReadOnlyChanges: 	nil


PharoFilesOpener>>informCannotLocateSources
	Receiver: a PharoFilesOpener
	Arguments and temporary variables: 
		tmp1: 	'Pharo cannot locate &fileRef.

Please check that the file is named prope...etc..
	Receiver's instance variables: 
		shouldInformAboutReadOnlyChanges: 	nil


PharoFilesOpener>>sourcesFileOrNil
	Receiver: a PharoFilesOpener
	Arguments and temporary variables: 
		tmp1: 	SourceFile(C:\Users\VictorStefano\Documents\Unity Projects\PharoVRIDE\Ass...etc..
	Receiver's instance variables: 
		shouldInformAboutReadOnlyChanges: 	nil


SourceFileArray>>ensureOpen
	Receiver: a SourceFileArray
	Arguments and temporary variables: 
		tmp1: 	nil
		tmp2: 	ni
	Receiver's instance variables: 
		files: 	#(nil nil)
		readOnlyQueue: 	SharedQueue with 0 items
		flushChanges: 	true


SmalltalkImage>>openSourceFiles
	Receiver: Smalltalk
	Arguments and temporary variables: 

	Receiver's instance variables: 
		globals: 	a SystemDictionary(lots of globals)
		specialObjectsArray: 	an Array(nil false true #Processor->Processor Bitmap Small...etc...
		vm: 	a VirtualMachine


SourceFileArray class>>startUp:
	Receiver: SourceFileArray
	Arguments and temporary variables: 
		arg1: 	tru
	Receiver's instance variables: 
		superclass: 	Object
		methodDict: 	a MethodDictionary(#changeRecordsFor:->SourceFileArray>>#changeReco...etc...
		format: 	65539
		layout: 	a FixedLayout
		organization: 	a ClassOrganization
		subclasses: 	nil
		name: 	#SourceFileArray
		classPool: 	a Dictionary()
		sharedPools: 	an OrderedCollection()
		environment: 	a SystemDictionary(lots of globals)
		category: 	#'System-Sources-Sources'


ClassSessionHandler>>startup:
	Receiver: a ClassSessionHandler(SourceFileArray)
	Arguments and temporary variables: 
		arg1: 	tru
	Receiver's instance variables: 
		registeredClassName: 	#SourceFileArray


[ :arg2 | arg2 startup: arg1 ] in WorkingSession>>runStartup:
	Receiver: a WorkingSession
	Arguments and temporary variables: 
		arg1: 	true
		arg2: 	a ClassSessionHandler(SourceFileArray
	Receiver's instance variables: 
		manager: 	a SessionManager
		deferredStartupActions: 	an OrderedCollection([ self new activate ])
		id: 	nil
		creationTime: 	2020-07-28T16:21:21.029797-04:00
		properties: 	a Dictionary(#accessMode->#readWrite )


[ arg2 value: arg3 ] in [ :arg3 | 
[ arg2 value: arg3 ]
	on: Exception
	do: [ :arg4 | self errorHandler handleError: arg4 ] ] in WorkingSession>>runList:do:
	Receiver: a WorkingSession
	Arguments and temporary variables: 
		arg1: 	an Array(a ClassSessionHandler(SmallInteger) a ClassSessionHandler(Sessio...etc...
		arg2: 	[ :arg2 | arg2 startup: arg1 ]
		arg3: 	a ClassSessionHandler(SourceFileArray
	Receiver's instance variables: 
		manager: 	a SessionManager
		deferredStartupActions: 	an OrderedCollection([ self new activate ])
		id: 	nil
		creationTime: 	2020-07-28T16:21:21.029797-04:00
		properties: 	a Dictionary(#accessMode->#readWrite )


BlockClosure>>on:do:
	Receiver: [ arg2 value: arg3 ]
	Arguments and temporary variables: 
		arg1: 	Exception
		arg2: 	[ :arg4 | self errorHandler handleError: arg4 
	Receiver's instance variables: 
		outerContext: 	[ :arg3 | 
[ arg2 value: arg3 ]
	on: Exception
	do: [ :arg4 | sel...etc...
		startpc: 	69
		numArgs: 	0


[ :arg3 | 
[ arg2 value: arg3 ]
	on: Exception
	do: [ :arg4 | self errorHandler handleError: arg4 ] ] in WorkingSession>>runList:do:
	Receiver: a WorkingSession
	Arguments and temporary variables: 
		arg1: 	an Array(a ClassSessionHandler(SmallInteger) a ClassSessionHandler(Sessio...etc...
		arg2: 	[ :arg2 | arg2 startup: arg1 ]
		arg3: 	a ClassSessionHandler(SourceFileArray
	Receiver's instance variables: 
		manager: 	a SessionManager
		deferredStartupActions: 	an OrderedCollection([ self new activate ])
		id: 	nil
		creationTime: 	2020-07-28T16:21:21.029797-04:00
		properties: 	a Dictionary(#accessMode->#readWrite )


Array(SequenceableCollection)>>do:
	Receiver: an Array(a ClassSessionHandler(SmallInteger) a ClassSessionHandler(SessionAccessModeResolv...etc...
	Arguments and temporary variables: 
<<error during printing>
	Receiver's instance variables: 
an Array(a ClassSessionHandler(SmallInteger) a ClassSessionHandler(SessionAccessModeResolv...etc...

WorkingSession>>runList:do:
	Receiver: a WorkingSession
	Arguments and temporary variables: 
		arg1: 	an Array(a ClassSessionHandler(SmallInteger) a ClassSessionHandler(Sessio...etc...
		arg2: 	[ :arg2 | arg2 startup: arg1 
	Receiver's instance variables: 
		manager: 	a SessionManager
		deferredStartupActions: 	an OrderedCollection([ self new activate ])
		id: 	nil
		creationTime: 	2020-07-28T16:21:21.029797-04:00
		properties: 	a Dictionary(#accessMode->#readWrite )


WorkingSession>>runStartup:
	Receiver: a WorkingSession
	Arguments and temporary variables: 
		arg1: 	tru
	Receiver's instance variables: 
		manager: 	a SessionManager
		deferredStartupActions: 	an OrderedCollection([ self new activate ])
		id: 	nil
		creationTime: 	2020-07-28T16:21:21.029797-04:00
		properties: 	a Dictionary(#accessMode->#readWrite )


WorkingSession>>start:
	Receiver: a WorkingSession
	Arguments and temporary variables: 
		arg1: 	tru
	Receiver's instance variables: 
		manager: 	a SessionManager
		deferredStartupActions: 	an OrderedCollection([ self new activate ])
		id: 	nil
		creationTime: 	2020-07-28T16:21:21.029797-04:00
		properties: 	a Dictionary(#accessMode->#readWrite )


SessionManager>>launchSnapshot:andQuit:
	Receiver: a SessionManager
	Arguments and temporary variables: 
		arg1: 	true
		arg2: 	true
		tmp1: 	true
		tmp2: 	tru
	Receiver's instance variables: 
		currentSession: 	a WorkingSession
		categories: 	an OrderedCollection(a SessionCategory(System) a SessionCategory(Ne...etc...
		guiCategory: 	a SessionCategory(Graphical User Interface)
		toolsCategory: 	a SessionCategory(Tools)
		networkCategory: 	a SessionCategory(Network)
		systemCategory: 	a SessionCategory(System)
		userCategory: 	a SessionCategory(User)


[ tmp3 := self launchSnapshot: arg1 andQuit: arg2.
tmp1 signal ] in SessionManager>>snapshot:andQuit:
	Receiver: a SessionManager
	Arguments and temporary variables: 
<<error during printing>
	Receiver's instance variables: 
		currentSession: 	a WorkingSession
		categories: 	an OrderedCollection(a SessionCategory(System) a SessionCategory(Ne...etc...
		guiCategory: 	a SessionCategory(Graphical User Interface)
		toolsCategory: 	a SessionCategory(Tools)
		networkCategory: 	a SessionCategory(Network)
		systemCategory: 	a SessionCategory(System)
		userCategory: 	a SessionCategory(User)


[ self value.
Processor terminateActive ] in BlockClosure>>newProcess
	Receiver: [ tmp3 := self launchSnapshot: arg1 andQuit: arg2.
tmp1 signal ]
	Arguments and temporary variables: 

	Receiver's instance variables: 
		outerContext: 	SessionManager>>snapshot:andQuit:
		startpc: 	135
		numArgs: 	0



--- The full stack ---
StartupUIManager>>inform:
PharoFilesOpener(Object)>>inform:
PharoFilesOpener>>inform:withRef:
PharoFilesOpener>>inform:withSourceRef:
PharoFilesOpener>>informCannotLocateSources
PharoFilesOpener>>sourcesFileOrNil
SourceFileArray>>ensureOpen
SmalltalkImage>>openSourceFiles
SourceFileArray class>>startUp:
ClassSessionHandler>>startup:
[ :arg2 | arg2 startup: arg1 ] in WorkingSession>>runStartup:
[ arg2 value: arg3 ] in [ :arg3 | 
[ arg2 value: arg3 ]
	on: Exception
	do: [ :arg4 | self errorHandler handleError: arg4 ] ] in WorkingSession>>runList:do:
BlockClosure>>on:do:
[ :arg3 | 
[ arg2 value: arg3 ]
	on: Exception
	do: [ :arg4 | self errorHandler handleError: arg4 ] ] in WorkingSession>>runList:do:
Array(SequenceableCollection)>>do:
WorkingSession>>runList:do:
WorkingSession>>runStartup:
WorkingSession>>start:
SessionManager>>launchSnapshot:andQuit:
[ tmp3 := self launchSnapshot: arg1 andQuit: arg2.
tmp1 signal ] in SessionManager>>snapshot:andQuit:
[ self value.
Processor terminateActive ] in BlockClosure>>newProcess
-------------------------------------------------------------------------------

THERE_BE_DRAGONS_HERE
Pharo cannot locate the sources file named /mnt/c/Users/VictorStefano/Documents/Unity Projects/PharoVRIDE/Assets/StreamingAssets/PharoEngine/Pharo8.0-32bit-5173b02.sources.

Please check that the file is named properly and is in the
same directory as this image.
29 July 2020 1:23:19.154656 am

VM: unix - x86_64 - linux-gnu - CoInterpreter * VMMaker-CompatibleUserName.1580983506 uuid: 7aff73cb-5a2e-5002-a356-37de4e762a49 Feb 12 2020
StackToRegisterMappingCogit * VMMaker-CompatibleUserName.1580983506 uuid: 7aff73cb-5a2e-5002-a356-37de4e762a49 Feb 12 2020
VM: 202002121043 https://github.com/pharo-project/opensmalltalk-vm.git Date: Wed Feb 12 11:43:20 2020 CommitHash: 52202d8 Plugins: 202002121043 https://github.com/pharo-project/opensmalltalk-vm.git

Image: Pharo8.0.0 [Build information: Pharo-8.0.0+build.1134.sha.5173b0271894727189f261cb9eb9beaa3db3f205 (64 Bit)]

StartupUIManager>>inform:
	Receiver: a StartupUIManager
	Arguments and temporary variables: 
		arg1: 	'Pharo cannot locate the sources file named /mnt/c/Users/VictorStefano/Do...etc...
		tmp1: 	ni
	Receiver's instance variables: 
		doNotQuitOnRestart: 	false
		uiManager: 	nil


PharoFilesOpener(Object)>>inform:
	Receiver: a PharoFilesOpener
	Arguments and temporary variables: 
		arg1: 	'Pharo cannot locate the sources file named /mnt/c/Users/VictorStefano/Do...etc..
	Receiver's instance variables: 
		shouldInformAboutReadOnlyChanges: 	nil


PharoFilesOpener>>inform:withRef:
	Receiver: a PharoFilesOpener
	Arguments and temporary variables: 
		arg1: 	'Pharo cannot locate &fileRef.

Please check that the file is named prope...etc...
		arg2: 	'the sources file named /mnt/c/Users/VictorStefano/Documents/Unity Projec...etc..
	Receiver's instance variables: 
		shouldInformAboutReadOnlyChanges: 	nil


PharoFilesOpener>>inform:withSourceRef:
	Receiver: a PharoFilesOpener
	Arguments and temporary variables: 
		arg1: 	'Pharo cannot locate &fileRef.

Please check that the file is named prope...etc...
		arg2: 	'/mnt/c/Users/VictorStefano/Documents/Unity Projects/PharoVRIDE/Assets/St...etc..
	Receiver's instance variables: 
		shouldInformAboutReadOnlyChanges: 	nil


PharoFilesOpener>>informCannotLocateSources
	Receiver: a PharoFilesOpener
	Arguments and temporary variables: 
		tmp1: 	'Pharo cannot locate &fileRef.

Please check that the file is named prope...etc..
	Receiver's instance variables: 
		shouldInformAboutReadOnlyChanges: 	nil


PharoFilesOpener>>sourcesFileOrNil
	Receiver: a PharoFilesOpener
	Arguments and temporary variables: 
		tmp1: 	SourceFile(/mnt/c/Users/VictorStefano/Documents/Unity Projects/PharoVRIDE...etc..
	Receiver's instance variables: 
		shouldInformAboutReadOnlyChanges: 	nil


SourceFileArray>>ensureOpen
	Receiver: a SourceFileArray
	Arguments and temporary variables: 
		tmp1: 	nil
		tmp2: 	ni
	Receiver's instance variables: 
		files: 	#(nil nil)
		readOnlyQueue: 	SharedQueue with 0 items
		flushChanges: 	true


SmalltalkImage>>openSourceFiles
	Receiver: Smalltalk
	Arguments and temporary variables: 

	Receiver's instance variables: 
		globals: 	a SystemDictionary(lots of globals)
		specialObjectsArray: 	an Array(nil false true #Processor->Processor Bitmap Small...etc...
		vm: 	a VirtualMachine


SourceFileArray class>>startUp:
	Receiver: SourceFileArray
	Arguments and temporary variables: 
		arg1: 	tru
	Receiver's instance variables: 
		superclass: 	Object
		methodDict: 	a MethodDictionary(#changeRecordsFor:->SourceFileArray>>#changeReco...etc...
		format: 	65539
		layout: 	a FixedLayout
		organization: 	a ClassOrganization
		subclasses: 	nil
		name: 	#SourceFileArray
		classPool: 	a Dictionary()
		sharedPools: 	an OrderedCollection()
		environment: 	a SystemDictionary(lots of globals)
		category: 	#'System-Sources-Sources'


ClassSessionHandler>>startup:
	Receiver: a ClassSessionHandler(SourceFileArray)
	Arguments and temporary variables: 
		arg1: 	tru
	Receiver's instance variables: 
		registeredClassName: 	#SourceFileArray


[ :arg2 | arg2 startup: arg1 ] in WorkingSession>>runStartup:
	Receiver: a WorkingSession
	Arguments and temporary variables: 
		arg1: 	true
		arg2: 	a ClassSessionHandler(SourceFileArray
	Receiver's instance variables: 
		manager: 	a SessionManager
		deferredStartupActions: 	an OrderedCollection([ self new activate ])
		id: 	nil
		creationTime: 	2020-07-29T01:23:18.734359-04:00
		properties: 	a Dictionary(#accessMode->#readWrite )


[ arg2 value: arg3 ] in [ :arg3 | 
[ arg2 value: arg3 ]
	on: Exception
	do: [ :arg4 | self errorHandler handleError: arg4 ] ] in WorkingSession>>runList:do:
	Receiver: a WorkingSession
	Arguments and temporary variables: 
		arg1: 	an Array(a ClassSessionHandler(SmallInteger) a ClassSessionHandler(Sessio...etc...
		arg2: 	[ :arg2 | arg2 startup: arg1 ]
		arg3: 	a ClassSessionHandler(SourceFileArray
	Receiver's instance variables: 
		manager: 	a SessionManager
		deferredStartupActions: 	an OrderedCollection([ self new activate ])
		id: 	nil
		creationTime: 	2020-07-29T01:23:18.734359-04:00
		properties: 	a Dictionary(#accessMode->#readWrite )


BlockClosure>>on:do:
	Receiver: [ arg2 value: arg3 ]
	Arguments and temporary variables: 
		arg1: 	Exception
		arg2: 	[ :arg4 | self errorHandler handleError: arg4 
	Receiver's instance variables: 
		outerContext: 	[ :arg3 | 
[ arg2 value: arg3 ]
	on: Exception
	do: [ :arg4 | sel...etc...
		startpc: 	69
		numArgs: 	0


[ :arg3 | 
[ arg2 value: arg3 ]
	on: Exception
	do: [ :arg4 | self errorHandler handleError: arg4 ] ] in WorkingSession>>runList:do:
	Receiver: a WorkingSession
	Arguments and temporary variables: 
		arg1: 	an Array(a ClassSessionHandler(SmallInteger) a ClassSessionHandler(Sessio...etc...
		arg2: 	[ :arg2 | arg2 startup: arg1 ]
		arg3: 	a ClassSessionHandler(SourceFileArray
	Receiver's instance variables: 
		manager: 	a SessionManager
		deferredStartupActions: 	an OrderedCollection([ self new activate ])
		id: 	nil
		creationTime: 	2020-07-29T01:23:18.734359-04:00
		properties: 	a Dictionary(#accessMode->#readWrite )


Array(SequenceableCollection)>>do:
	Receiver: an Array(a ClassSessionHandler(SmallInteger) a ClassSessionHandler(SessionAccessModeResolv...etc...
	Arguments and temporary variables: 
<<error during printing>
	Receiver's instance variables: 
an Array(a ClassSessionHandler(SmallInteger) a ClassSessionHandler(SessionAccessModeResolv...etc...

WorkingSession>>runList:do:
	Receiver: a WorkingSession
	Arguments and temporary variables: 
		arg1: 	an Array(a ClassSessionHandler(SmallInteger) a ClassSessionHandler(Sessio...etc...
		arg2: 	[ :arg2 | arg2 startup: arg1 
	Receiver's instance variables: 
		manager: 	a SessionManager
		deferredStartupActions: 	an OrderedCollection([ self new activate ])
		id: 	nil
		creationTime: 	2020-07-29T01:23:18.734359-04:00
		properties: 	a Dictionary(#accessMode->#readWrite )


WorkingSession>>runStartup:
	Receiver: a WorkingSession
	Arguments and temporary variables: 
		arg1: 	tru
	Receiver's instance variables: 
		manager: 	a SessionManager
		deferredStartupActions: 	an OrderedCollection([ self new activate ])
		id: 	nil
		creationTime: 	2020-07-29T01:23:18.734359-04:00
		properties: 	a Dictionary(#accessMode->#readWrite )


WorkingSession>>start:
	Receiver: a WorkingSession
	Arguments and temporary variables: 
		arg1: 	tru
	Receiver's instance variables: 
		manager: 	a SessionManager
		deferredStartupActions: 	an OrderedCollection([ self new activate ])
		id: 	nil
		creationTime: 	2020-07-29T01:23:18.734359-04:00
		properties: 	a Dictionary(#accessMode->#readWrite )


SessionManager>>launchSnapshot:andQuit:
	Receiver: a SessionManager
	Arguments and temporary variables: 
		arg1: 	true
		arg2: 	true
		tmp1: 	true
		tmp2: 	tru
	Receiver's instance variables: 
		currentSession: 	a WorkingSession
		categories: 	an OrderedCollection(a SessionCategory(System) a SessionCategory(Ne...etc...
		guiCategory: 	a SessionCategory(Graphical User Interface)
		toolsCategory: 	a SessionCategory(Tools)
		networkCategory: 	a SessionCategory(Network)
		systemCategory: 	a SessionCategory(System)
		userCategory: 	a SessionCategory(User)


[ tmp3 := self launchSnapshot: arg1 andQuit: arg2.
tmp1 signal ] in SessionManager>>snapshot:andQuit:
	Receiver: a SessionManager
	Arguments and temporary variables: 
<<error during printing>
	Receiver's instance variables: 
		currentSession: 	a WorkingSession
		categories: 	an OrderedCollection(a SessionCategory(System) a SessionCategory(Ne...etc...
		guiCategory: 	a SessionCategory(Graphical User Interface)
		toolsCategory: 	a SessionCategory(Tools)
		networkCategory: 	a SessionCategory(Network)
		systemCategory: 	a SessionCategory(System)
		userCategory: 	a SessionCategory(User)


[ self value.
Processor terminateActive ] in BlockClosure>>newProcess
	Receiver: [ tmp3 := self launchSnapshot: arg1 andQuit: arg2.
tmp1 signal ]
	Arguments and temporary variables: 

	Receiver's instance variables: 
		outerContext: 	SessionManager>>snapshot:andQuit:
		startpc: 	135
		numArgs: 	0



--- The full stack ---
StartupUIManager>>inform:
PharoFilesOpener(Object)>>inform:
PharoFilesOpener>>inform:withRef:
PharoFilesOpener>>inform:withSourceRef:
PharoFilesOpener>>informCannotLocateSources
PharoFilesOpener>>sourcesFileOrNil
SourceFileArray>>ensureOpen
SmalltalkImage>>openSourceFiles
SourceFileArray class>>startUp:
ClassSessionHandler>>startup:
[ :arg2 | arg2 startup: arg1 ] in WorkingSession>>runStartup:
[ arg2 value: arg3 ] in [ :arg3 | 
[ arg2 value: arg3 ]
	on: Exception
	do: [ :arg4 | self errorHandler handleError: arg4 ] ] in WorkingSession>>runList:do:
BlockClosure>>on:do:
[ :arg3 | 
[ arg2 value: arg3 ]
	on: Exception
	do: [ :arg4 | self errorHandler handleError: arg4 ] ] in WorkingSession>>runList:do:
Array(SequenceableCollection)>>do:
WorkingSession>>runList:do:
WorkingSession>>runStartup:
WorkingSession>>start:
SessionManager>>launchSnapshot:andQuit:
[ tmp3 := self launchSnapshot: arg1 andQuit: arg2.
tmp1 signal ] in SessionManager>>snapshot:andQuit:
[ self value.
Processor terminateActive ] in BlockClosure>>newProcess
-------------------------------------------------------------------------------


===============================================================================
Notice: Pharo cannot locate the sources file named /mnt/c/Users/VictorStefano/Documents/Unity Projects/PharoVRIDE/Assets/StreamingAssets/PharoEngine/Pharo8.0-32bit-5173b02.sources.

Please check that the file is named properly and is in the
same directory as this image.
===============================================================================
THERE_BE_DRAGONS_HERE
Pharo cannot locate the sources file named /mnt/c/Users/VictorStefano/Documents/Unity Projects/PharoVRIDE/Assets/StreamingAssets/PharoEngine/Pharo8.0-32bit-5173b02.sources.

Please check that the file is named properly and is in the
same directory as this image.
29 July 2020 12:40:18.915973 pm

VM: unix - x86_64 - linux-gnu - CoInterpreter * VMMaker-CompatibleUserName.1580983506 uuid: 7aff73cb-5a2e-5002-a356-37de4e762a49 Feb 12 2020
StackToRegisterMappingCogit * VMMaker-CompatibleUserName.1580983506 uuid: 7aff73cb-5a2e-5002-a356-37de4e762a49 Feb 12 2020
VM: 202002121043 https://github.com/pharo-project/opensmalltalk-vm.git Date: Wed Feb 12 11:43:20 2020 CommitHash: 52202d8 Plugins: 202002121043 https://github.com/pharo-project/opensmalltalk-vm.git

Image: Pharo8.0.0 [Build information: Pharo-8.0.0+build.1134.sha.5173b0271894727189f261cb9eb9beaa3db3f205 (64 Bit)]

StartupUIManager>>inform:
	Receiver: a StartupUIManager
	Arguments and temporary variables: 
		arg1: 	'Pharo cannot locate the sources file named /mnt/c/Users/VictorStefano/Do...etc...
		tmp1: 	ni
	Receiver's instance variables: 
		doNotQuitOnRestart: 	false
		uiManager: 	nil


PharoFilesOpener(Object)>>inform:
	Receiver: a PharoFilesOpener
	Arguments and temporary variables: 
		arg1: 	'Pharo cannot locate the sources file named /mnt/c/Users/VictorStefano/Do...etc..
	Receiver's instance variables: 
		shouldInformAboutReadOnlyChanges: 	nil


PharoFilesOpener>>inform:withRef:
	Receiver: a PharoFilesOpener
	Arguments and temporary variables: 
		arg1: 	'Pharo cannot locate &fileRef.

Please check that the file is named prope...etc...
		arg2: 	'the sources file named /mnt/c/Users/VictorStefano/Documents/Unity Projec...etc..
	Receiver's instance variables: 
		shouldInformAboutReadOnlyChanges: 	nil


PharoFilesOpener>>inform:withSourceRef:
	Receiver: a PharoFilesOpener
	Arguments and temporary variables: 
		arg1: 	'Pharo cannot locate &fileRef.

Please check that the file is named prope...etc...
		arg2: 	'/mnt/c/Users/VictorStefano/Documents/Unity Projects/PharoVRIDE/Assets/St...etc..
	Receiver's instance variables: 
		shouldInformAboutReadOnlyChanges: 	nil


PharoFilesOpener>>informCannotLocateSources
	Receiver: a PharoFilesOpener
	Arguments and temporary variables: 
		tmp1: 	'Pharo cannot locate &fileRef.

Please check that the file is named prope...etc..
	Receiver's instance variables: 
		shouldInformAboutReadOnlyChanges: 	nil


PharoFilesOpener>>sourcesFileOrNil
	Receiver: a PharoFilesOpener
	Arguments and temporary variables: 
		tmp1: 	SourceFile(/mnt/c/Users/VictorStefano/Documents/Unity Projects/PharoVRIDE...etc..
	Receiver's instance variables: 
		shouldInformAboutReadOnlyChanges: 	nil


SourceFileArray>>ensureOpen
	Receiver: a SourceFileArray
	Arguments and temporary variables: 
		tmp1: 	nil
		tmp2: 	ni
	Receiver's instance variables: 
		files: 	#(nil nil)
		readOnlyQueue: 	SharedQueue with 0 items
		flushChanges: 	true


SmalltalkImage>>openSourceFiles
	Receiver: Smalltalk
	Arguments and temporary variables: 

	Receiver's instance variables: 
		globals: 	a SystemDictionary(lots of globals)
		specialObjectsArray: 	an Array(nil false true #Processor->Processor Bitmap Small...etc...
		vm: 	a VirtualMachine


SourceFileArray class>>startUp:
	Receiver: SourceFileArray
	Arguments and temporary variables: 
		arg1: 	tru
	Receiver's instance variables: 
		superclass: 	Object
		methodDict: 	a MethodDictionary(#changeRecordsFor:->SourceFileArray>>#changeReco...etc...
		format: 	65539
		layout: 	a FixedLayout
		organization: 	a ClassOrganization
		subclasses: 	nil
		name: 	#SourceFileArray
		classPool: 	a Dictionary()
		sharedPools: 	an OrderedCollection()
		environment: 	a SystemDictionary(lots of globals)
		category: 	#'System-Sources-Sources'


ClassSessionHandler>>startup:
	Receiver: a ClassSessionHandler(SourceFileArray)
	Arguments and temporary variables: 
		arg1: 	tru
	Receiver's instance variables: 
		registeredClassName: 	#SourceFileArray


[ :arg2 | arg2 startup: arg1 ] in WorkingSession>>runStartup:
	Receiver: a WorkingSession
	Arguments and temporary variables: 
		arg1: 	true
		arg2: 	a ClassSessionHandler(SourceFileArray
	Receiver's instance variables: 
		manager: 	a SessionManager
		deferredStartupActions: 	an OrderedCollection([ self new activate ])
		id: 	nil
		creationTime: 	2020-07-29T12:40:18.215576-04:00
		properties: 	a Dictionary(#accessMode->#readWrite )


[ arg2 value: arg3 ] in [ :arg3 | 
[ arg2 value: arg3 ]
	on: Exception
	do: [ :arg4 | self errorHandler handleError: arg4 ] ] in WorkingSession>>runList:do:
	Receiver: a WorkingSession
	Arguments and temporary variables: 
		arg1: 	an Array(a ClassSessionHandler(SmallInteger) a ClassSessionHandler(Sessio...etc...
		arg2: 	[ :arg2 | arg2 startup: arg1 ]
		arg3: 	a ClassSessionHandler(SourceFileArray
	Receiver's instance variables: 
		manager: 	a SessionManager
		deferredStartupActions: 	an OrderedCollection([ self new activate ])
		id: 	nil
		creationTime: 	2020-07-29T12:40:18.215576-04:00
		properties: 	a Dictionary(#accessMode->#readWrite )


BlockClosure>>on:do:
	Receiver: [ arg2 value: arg3 ]
	Arguments and temporary variables: 
		arg1: 	Exception
		arg2: 	[ :arg4 | self errorHandler handleError: arg4 
	Receiver's instance variables: 
		outerContext: 	[ :arg3 | 
[ arg2 value: arg3 ]
	on: Exception
	do: [ :arg4 | sel...etc...
		startpc: 	69
		numArgs: 	0


[ :arg3 | 
[ arg2 value: arg3 ]
	on: Exception
	do: [ :arg4 | self errorHandler handleError: arg4 ] ] in WorkingSession>>runList:do:
	Receiver: a WorkingSession
	Arguments and temporary variables: 
		arg1: 	an Array(a ClassSessionHandler(SmallInteger) a ClassSessionHandler(Sessio...etc...
		arg2: 	[ :arg2 | arg2 startup: arg1 ]
		arg3: 	a ClassSessionHandler(SourceFileArray
	Receiver's instance variables: 
		manager: 	a SessionManager
		deferredStartupActions: 	an OrderedCollection([ self new activate ])
		id: 	nil
		creationTime: 	2020-07-29T12:40:18.215576-04:00
		properties: 	a Dictionary(#accessMode->#readWrite )


Array(SequenceableCollection)>>do:
	Receiver: an Array(a ClassSessionHandler(SmallInteger) a ClassSessionHandler(SessionAccessModeResolv...etc...
	Arguments and temporary variables: 
<<error during printing>
	Receiver's instance variables: 
an Array(a ClassSessionHandler(SmallInteger) a ClassSessionHandler(SessionAccessModeResolv...etc...

WorkingSession>>runList:do:
	Receiver: a WorkingSession
	Arguments and temporary variables: 
		arg1: 	an Array(a ClassSessionHandler(SmallInteger) a ClassSessionHandler(Sessio...etc...
		arg2: 	[ :arg2 | arg2 startup: arg1 
	Receiver's instance variables: 
		manager: 	a SessionManager
		deferredStartupActions: 	an OrderedCollection([ self new activate ])
		id: 	nil
		creationTime: 	2020-07-29T12:40:18.215576-04:00
		properties: 	a Dictionary(#accessMode->#readWrite )


WorkingSession>>runStartup:
	Receiver: a WorkingSession
	Arguments and temporary variables: 
		arg1: 	tru
	Receiver's instance variables: 
		manager: 	a SessionManager
		deferredStartupActions: 	an OrderedCollection([ self new activate ])
		id: 	nil
		creationTime: 	2020-07-29T12:40:18.215576-04:00
		properties: 	a Dictionary(#accessMode->#readWrite )


WorkingSession>>start:
	Receiver: a WorkingSession
	Arguments and temporary variables: 
		arg1: 	tru
	Receiver's instance variables: 
		manager: 	a SessionManager
		deferredStartupActions: 	an OrderedCollection([ self new activate ])
		id: 	nil
		creationTime: 	2020-07-29T12:40:18.215576-04:00
		properties: 	a Dictionary(#accessMode->#readWrite )


SessionManager>>launchSnapshot:andQuit:
	Receiver: a SessionManager
	Arguments and temporary variables: 
		arg1: 	true
		arg2: 	true
		tmp1: 	true
		tmp2: 	tru
	Receiver's instance variables: 
		currentSession: 	a WorkingSession
		categories: 	an OrderedCollection(a SessionCategory(System) a SessionCategory(Ne...etc...
		guiCategory: 	a SessionCategory(Graphical User Interface)
		toolsCategory: 	a SessionCategory(Tools)
		networkCategory: 	a SessionCategory(Network)
		systemCategory: 	a SessionCategory(System)
		userCategory: 	a SessionCategory(User)


[ tmp3 := self launchSnapshot: arg1 andQuit: arg2.
tmp1 signal ] in SessionManager>>snapshot:andQuit:
	Receiver: a SessionManager
	Arguments and temporary variables: 
<<error during printing>
	Receiver's instance variables: 
		currentSession: 	a WorkingSession
		categories: 	an OrderedCollection(a SessionCategory(System) a SessionCategory(Ne...etc...
		guiCategory: 	a SessionCategory(Graphical User Interface)
		toolsCategory: 	a SessionCategory(Tools)
		networkCategory: 	a SessionCategory(Network)
		systemCategory: 	a SessionCategory(System)
		userCategory: 	a SessionCategory(User)


[ self value.
Processor terminateActive ] in BlockClosure>>newProcess
	Receiver: [ tmp3 := self launchSnapshot: arg1 andQuit: arg2.
tmp1 signal ]
	Arguments and temporary variables: 

	Receiver's instance variables: 
		outerContext: 	SessionManager>>snapshot:andQuit:
		startpc: 	135
		numArgs: 	0



--- The full stack ---
StartupUIManager>>inform:
PharoFilesOpener(Object)>>inform:
PharoFilesOpener>>inform:withRef:
PharoFilesOpener>>inform:withSourceRef:
PharoFilesOpener>>informCannotLocateSources
PharoFilesOpener>>sourcesFileOrNil
SourceFileArray>>ensureOpen
SmalltalkImage>>openSourceFiles
SourceFileArray class>>startUp:
ClassSessionHandler>>startup:
[ :arg2 | arg2 startup: arg1 ] in WorkingSession>>runStartup:
[ arg2 value: arg3 ] in [ :arg3 | 
[ arg2 value: arg3 ]
	on: Exception
	do: [ :arg4 | self errorHandler handleError: arg4 ] ] in WorkingSession>>runList:do:
BlockClosure>>on:do:
[ :arg3 | 
[ arg2 value: arg3 ]
	on: Exception
	do: [ :arg4 | self errorHandler handleError: arg4 ] ] in WorkingSession>>runList:do:
Array(SequenceableCollection)>>do:
WorkingSession>>runList:do:
WorkingSession>>runStartup:
WorkingSession>>start:
SessionManager>>launchSnapshot:andQuit:
[ tmp3 := self launchSnapshot: arg1 andQuit: arg2.
tmp1 signal ] in SessionManager>>snapshot:andQuit:
[ self value.
Processor terminateActive ] in BlockClosure>>newProcess
-------------------------------------------------------------------------------


===============================================================================
Notice: Pharo cannot locate the sources file named /mnt/c/Users/VictorStefano/Documents/Unity Projects/PharoVRIDE/Assets/StreamingAssets/PharoEngine/Pharo8.0-32bit-5173b02.sources.

Please check that the file is named properly and is in the
same directory as this image.
===============================================================================
THERE_BE_DRAGONS_HERE
Pharo cannot locate the sources file named /mnt/c/Users/VictorStefano/Documents/Unity Projects/PharoVRIDE/Assets/StreamingAssets/PharoEngine/Pharo8.0-32bit-5173b02.sources.

Please check that the file is named properly and is in the
same directory as this image.
29 July 2020 12:58:29.761354 pm

VM: unix - x86_64 - linux-gnu - CoInterpreter * VMMaker-CompatibleUserName.1580983506 uuid: 7aff73cb-5a2e-5002-a356-37de4e762a49 Feb 12 2020
StackToRegisterMappingCogit * VMMaker-CompatibleUserName.1580983506 uuid: 7aff73cb-5a2e-5002-a356-37de4e762a49 Feb 12 2020
VM: 202002121043 https://github.com/pharo-project/opensmalltalk-vm.git Date: Wed Feb 12 11:43:20 2020 CommitHash: 52202d8 Plugins: 202002121043 https://github.com/pharo-project/opensmalltalk-vm.git

Image: Pharo8.0.0 [Build information: Pharo-8.0.0+build.1134.sha.5173b0271894727189f261cb9eb9beaa3db3f205 (64 Bit)]

StartupUIManager>>inform:
	Receiver: a StartupUIManager
	Arguments and temporary variables: 
		arg1: 	'Pharo cannot locate the sources file named /mnt/c/Users/VictorStefano/Do...etc...
		tmp1: 	ni
	Receiver's instance variables: 
		doNotQuitOnRestart: 	false
		uiManager: 	nil


PharoFilesOpener(Object)>>inform:
	Receiver: a PharoFilesOpener
	Arguments and temporary variables: 
		arg1: 	'Pharo cannot locate the sources file named /mnt/c/Users/VictorStefano/Do...etc..
	Receiver's instance variables: 
		shouldInformAboutReadOnlyChanges: 	nil


PharoFilesOpener>>inform:withRef:
	Receiver: a PharoFilesOpener
	Arguments and temporary variables: 
		arg1: 	'Pharo cannot locate &fileRef.

Please check that the file is named prope...etc...
		arg2: 	'the sources file named /mnt/c/Users/VictorStefano/Documents/Unity Projec...etc..
	Receiver's instance variables: 
		shouldInformAboutReadOnlyChanges: 	nil


PharoFilesOpener>>inform:withSourceRef:
	Receiver: a PharoFilesOpener
	Arguments and temporary variables: 
		arg1: 	'Pharo cannot locate &fileRef.

Please check that the file is named prope...etc...
		arg2: 	'/mnt/c/Users/VictorStefano/Documents/Unity Projects/PharoVRIDE/Assets/St...etc..
	Receiver's instance variables: 
		shouldInformAboutReadOnlyChanges: 	nil


PharoFilesOpener>>informCannotLocateSources
	Receiver: a PharoFilesOpener
	Arguments and temporary variables: 
		tmp1: 	'Pharo cannot locate &fileRef.

Please check that the file is named prope...etc..
	Receiver's instance variables: 
		shouldInformAboutReadOnlyChanges: 	nil


PharoFilesOpener>>sourcesFileOrNil
	Receiver: a PharoFilesOpener
	Arguments and temporary variables: 
		tmp1: 	SourceFile(/mnt/c/Users/VictorStefano/Documents/Unity Projects/PharoVRIDE...etc..
	Receiver's instance variables: 
		shouldInformAboutReadOnlyChanges: 	nil


SourceFileArray>>ensureOpen
	Receiver: a SourceFileArray
	Arguments and temporary variables: 
		tmp1: 	nil
		tmp2: 	ni
	Receiver's instance variables: 
		files: 	#(nil nil)
		readOnlyQueue: 	SharedQueue with 0 items
		flushChanges: 	true


SmalltalkImage>>openSourceFiles
	Receiver: Smalltalk
	Arguments and temporary variables: 

	Receiver's instance variables: 
		globals: 	a SystemDictionary(lots of globals)
		specialObjectsArray: 	an Array(nil false true #Processor->Processor Bitmap Small...etc...
		vm: 	a VirtualMachine


SourceFileArray class>>startUp:
	Receiver: SourceFileArray
	Arguments and temporary variables: 
		arg1: 	tru
	Receiver's instance variables: 
		superclass: 	Object
		methodDict: 	a MethodDictionary(#changeRecordsFor:->SourceFileArray>>#changeReco...etc...
		format: 	65539
		layout: 	a FixedLayout
		organization: 	a ClassOrganization
		subclasses: 	nil
		name: 	#SourceFileArray
		classPool: 	a Dictionary()
		sharedPools: 	an OrderedCollection()
		environment: 	a SystemDictionary(lots of globals)
		category: 	#'System-Sources-Sources'


ClassSessionHandler>>startup:
	Receiver: a ClassSessionHandler(SourceFileArray)
	Arguments and temporary variables: 
		arg1: 	tru
	Receiver's instance variables: 
		registeredClassName: 	#SourceFileArray


[ :arg2 | arg2 startup: arg1 ] in WorkingSession>>runStartup:
	Receiver: a WorkingSession
	Arguments and temporary variables: 
		arg1: 	true
		arg2: 	a ClassSessionHandler(SourceFileArray
	Receiver's instance variables: 
		manager: 	a SessionManager
		deferredStartupActions: 	an OrderedCollection([ self new activate ])
		id: 	nil
		creationTime: 	2020-07-29T12:58:29.074524-04:00
		properties: 	a Dictionary(#accessMode->#readWrite )


[ arg2 value: arg3 ] in [ :arg3 | 
[ arg2 value: arg3 ]
	on: Exception
	do: [ :arg4 | self errorHandler handleError: arg4 ] ] in WorkingSession>>runList:do:
	Receiver: a WorkingSession
	Arguments and temporary variables: 
		arg1: 	an Array(a ClassSessionHandler(SmallInteger) a ClassSessionHandler(Sessio...etc...
		arg2: 	[ :arg2 | arg2 startup: arg1 ]
		arg3: 	a ClassSessionHandler(SourceFileArray
	Receiver's instance variables: 
		manager: 	a SessionManager
		deferredStartupActions: 	an OrderedCollection([ self new activate ])
		id: 	nil
		creationTime: 	2020-07-29T12:58:29.074524-04:00
		properties: 	a Dictionary(#accessMode->#readWrite )


BlockClosure>>on:do:
	Receiver: [ arg2 value: arg3 ]
	Arguments and temporary variables: 
		arg1: 	Exception
		arg2: 	[ :arg4 | self errorHandler handleError: arg4 
	Receiver's instance variables: 
		outerContext: 	[ :arg3 | 
[ arg2 value: arg3 ]
	on: Exception
	do: [ :arg4 | sel...etc...
		startpc: 	69
		numArgs: 	0


[ :arg3 | 
[ arg2 value: arg3 ]
	on: Exception
	do: [ :arg4 | self errorHandler handleError: arg4 ] ] in WorkingSession>>runList:do:
	Receiver: a WorkingSession
	Arguments and temporary variables: 
		arg1: 	an Array(a ClassSessionHandler(SmallInteger) a ClassSessionHandler(Sessio...etc...
		arg2: 	[ :arg2 | arg2 startup: arg1 ]
		arg3: 	a ClassSessionHandler(SourceFileArray
	Receiver's instance variables: 
		manager: 	a SessionManager
		deferredStartupActions: 	an OrderedCollection([ self new activate ])
		id: 	nil
		creationTime: 	2020-07-29T12:58:29.074524-04:00
		properties: 	a Dictionary(#accessMode->#readWrite )


Array(SequenceableCollection)>>do:
	Receiver: an Array(a ClassSessionHandler(SmallInteger) a ClassSessionHandler(SessionAccessModeResolv...etc...
	Arguments and temporary variables: 
<<error during printing>
	Receiver's instance variables: 
an Array(a ClassSessionHandler(SmallInteger) a ClassSessionHandler(SessionAccessModeResolv...etc...

WorkingSession>>runList:do:
	Receiver: a WorkingSession
	Arguments and temporary variables: 
		arg1: 	an Array(a ClassSessionHandler(SmallInteger) a ClassSessionHandler(Sessio...etc...
		arg2: 	[ :arg2 | arg2 startup: arg1 
	Receiver's instance variables: 
		manager: 	a SessionManager
		deferredStartupActions: 	an OrderedCollection([ self new activate ])
		id: 	nil
		creationTime: 	2020-07-29T12:58:29.074524-04:00
		properties: 	a Dictionary(#accessMode->#readWrite )


WorkingSession>>runStartup:
	Receiver: a WorkingSession
	Arguments and temporary variables: 
		arg1: 	tru
	Receiver's instance variables: 
		manager: 	a SessionManager
		deferredStartupActions: 	an OrderedCollection([ self new activate ])
		id: 	nil
		creationTime: 	2020-07-29T12:58:29.074524-04:00
		properties: 	a Dictionary(#accessMode->#readWrite )


WorkingSession>>start:
	Receiver: a WorkingSession
	Arguments and temporary variables: 
		arg1: 	tru
	Receiver's instance variables: 
		manager: 	a SessionManager
		deferredStartupActions: 	an OrderedCollection([ self new activate ])
		id: 	nil
		creationTime: 	2020-07-29T12:58:29.074524-04:00
		properties: 	a Dictionary(#accessMode->#readWrite )


SessionManager>>launchSnapshot:andQuit:
	Receiver: a SessionManager
	Arguments and temporary variables: 
		arg1: 	true
		arg2: 	true
		tmp1: 	true
		tmp2: 	tru
	Receiver's instance variables: 
		currentSession: 	a WorkingSession
		categories: 	an OrderedCollection(a SessionCategory(System) a SessionCategory(Ne...etc...
		guiCategory: 	a SessionCategory(Graphical User Interface)
		toolsCategory: 	a SessionCategory(Tools)
		networkCategory: 	a SessionCategory(Network)
		systemCategory: 	a SessionCategory(System)
		userCategory: 	a SessionCategory(User)


[ tmp3 := self launchSnapshot: arg1 andQuit: arg2.
tmp1 signal ] in SessionManager>>snapshot:andQuit:
	Receiver: a SessionManager
	Arguments and temporary variables: 
<<error during printing>
	Receiver's instance variables: 
		currentSession: 	a WorkingSession
		categories: 	an OrderedCollection(a SessionCategory(System) a SessionCategory(Ne...etc...
		guiCategory: 	a SessionCategory(Graphical User Interface)
		toolsCategory: 	a SessionCategory(Tools)
		networkCategory: 	a SessionCategory(Network)
		systemCategory: 	a SessionCategory(System)
		userCategory: 	a SessionCategory(User)


[ self value.
Processor terminateActive ] in BlockClosure>>newProcess
	Receiver: [ tmp3 := self launchSnapshot: arg1 andQuit: arg2.
tmp1 signal ]
	Arguments and temporary variables: 

	Receiver's instance variables: 
		outerContext: 	SessionManager>>snapshot:andQuit:
		startpc: 	135
		numArgs: 	0



--- The full stack ---
StartupUIManager>>inform:
PharoFilesOpener(Object)>>inform:
PharoFilesOpener>>inform:withRef:
PharoFilesOpener>>inform:withSourceRef:
PharoFilesOpener>>informCannotLocateSources
PharoFilesOpener>>sourcesFileOrNil
SourceFileArray>>ensureOpen
SmalltalkImage>>openSourceFiles
SourceFileArray class>>startUp:
ClassSessionHandler>>startup:
[ :arg2 | arg2 startup: arg1 ] in WorkingSession>>runStartup:
[ arg2 value: arg3 ] in [ :arg3 | 
[ arg2 value: arg3 ]
	on: Exception
	do: [ :arg4 | self errorHandler handleError: arg4 ] ] in WorkingSession>>runList:do:
BlockClosure>>on:do:
[ :arg3 | 
[ arg2 value: arg3 ]
	on: Exception
	do: [ :arg4 | self errorHandler handleError: arg4 ] ] in WorkingSession>>runList:do:
Array(SequenceableCollection)>>do:
WorkingSession>>runList:do:
WorkingSession>>runStartup:
WorkingSession>>start:
SessionManager>>launchSnapshot:andQuit:
[ tmp3 := self launchSnapshot: arg1 andQuit: arg2.
tmp1 signal ] in SessionManager>>snapshot:andQuit:
[ self value.
Processor terminateActive ] in BlockClosure>>newProcess
-------------------------------------------------------------------------------


===============================================================================
Notice: Pharo cannot locate the sources file named /mnt/c/Users/VictorStefano/Documents/Unity Projects/PharoVRIDE/Assets/StreamingAssets/PharoEngine/Pharo8.0-32bit-5173b02.sources.

Please check that the file is named properly and is in the
same directory as this image.
===============================================================================
THERE_BE_DRAGONS_HERE
Pharo cannot locate the sources file named /mnt/c/Users/VictorStefano/Documents/Unity Projects/PharoVRIDE/Assets/StreamingAssets/PharoEngine/Pharo8.0-32bit-5173b02.sources.

Please check that the file is named properly and is in the
same directory as this image.
29 July 2020 4:37:39.995538 pm

VM: unix - x86_64 - linux-gnu - CoInterpreter * VMMaker-CompatibleUserName.1580983506 uuid: 7aff73cb-5a2e-5002-a356-37de4e762a49 Feb 12 2020
StackToRegisterMappingCogit * VMMaker-CompatibleUserName.1580983506 uuid: 7aff73cb-5a2e-5002-a356-37de4e762a49 Feb 12 2020
VM: 202002121043 https://github.com/pharo-project/opensmalltalk-vm.git Date: Wed Feb 12 11:43:20 2020 CommitHash: 52202d8 Plugins: 202002121043 https://github.com/pharo-project/opensmalltalk-vm.git

Image: Pharo8.0.0 [Build information: Pharo-8.0.0+build.1134.sha.5173b0271894727189f261cb9eb9beaa3db3f205 (64 Bit)]

StartupUIManager>>inform:
	Receiver: a StartupUIManager
	Arguments and temporary variables: 
		arg1: 	'Pharo cannot locate the sources file named /mnt/c/Users/VictorStefano/Do...etc...
		tmp1: 	ni
	Receiver's instance variables: 
		doNotQuitOnRestart: 	false
		uiManager: 	nil


PharoFilesOpener(Object)>>inform:
	Receiver: a PharoFilesOpener
	Arguments and temporary variables: 
		arg1: 	'Pharo cannot locate the sources file named /mnt/c/Users/VictorStefano/Do...etc..
	Receiver's instance variables: 
		shouldInformAboutReadOnlyChanges: 	nil


PharoFilesOpener>>inform:withRef:
	Receiver: a PharoFilesOpener
	Arguments and temporary variables: 
		arg1: 	'Pharo cannot locate &fileRef.

Please check that the file is named prope...etc...
		arg2: 	'the sources file named /mnt/c/Users/VictorStefano/Documents/Unity Projec...etc..
	Receiver's instance variables: 
		shouldInformAboutReadOnlyChanges: 	nil


PharoFilesOpener>>inform:withSourceRef:
	Receiver: a PharoFilesOpener
	Arguments and temporary variables: 
		arg1: 	'Pharo cannot locate &fileRef.

Please check that the file is named prope...etc...
		arg2: 	'/mnt/c/Users/VictorStefano/Documents/Unity Projects/PharoVRIDE/Assets/St...etc..
	Receiver's instance variables: 
		shouldInformAboutReadOnlyChanges: 	nil


PharoFilesOpener>>informCannotLocateSources
	Receiver: a PharoFilesOpener
	Arguments and temporary variables: 
		tmp1: 	'Pharo cannot locate &fileRef.

Please check that the file is named prope...etc..
	Receiver's instance variables: 
		shouldInformAboutReadOnlyChanges: 	nil


PharoFilesOpener>>sourcesFileOrNil
	Receiver: a PharoFilesOpener
	Arguments and temporary variables: 
		tmp1: 	SourceFile(/mnt/c/Users/VictorStefano/Documents/Unity Projects/PharoVRIDE...etc..
	Receiver's instance variables: 
		shouldInformAboutReadOnlyChanges: 	nil


SourceFileArray>>ensureOpen
	Receiver: a SourceFileArray
	Arguments and temporary variables: 
		tmp1: 	nil
		tmp2: 	ni
	Receiver's instance variables: 
		files: 	#(nil nil)
		readOnlyQueue: 	SharedQueue with 0 items
		flushChanges: 	true


SmalltalkImage>>openSourceFiles
	Receiver: Smalltalk
	Arguments and temporary variables: 

	Receiver's instance variables: 
		globals: 	a SystemDictionary(lots of globals)
		specialObjectsArray: 	an Array(nil false true #Processor->Processor Bitmap Small...etc...
		vm: 	a VirtualMachine


SourceFileArray class>>startUp:
	Receiver: SourceFileArray
	Arguments and temporary variables: 
		arg1: 	tru
	Receiver's instance variables: 
		superclass: 	Object
		methodDict: 	a MethodDictionary(#changeRecordsFor:->SourceFileArray>>#changeReco...etc...
		format: 	65539
		layout: 	a FixedLayout
		organization: 	a ClassOrganization
		subclasses: 	nil
		name: 	#SourceFileArray
		classPool: 	a Dictionary()
		sharedPools: 	an OrderedCollection()
		environment: 	a SystemDictionary(lots of globals)
		category: 	#'System-Sources-Sources'


ClassSessionHandler>>startup:
	Receiver: a ClassSessionHandler(SourceFileArray)
	Arguments and temporary variables: 
		arg1: 	tru
	Receiver's instance variables: 
		registeredClassName: 	#SourceFileArray


[ :arg2 | arg2 startup: arg1 ] in WorkingSession>>runStartup:
	Receiver: a WorkingSession
	Arguments and temporary variables: 
		arg1: 	true
		arg2: 	a ClassSessionHandler(SourceFileArray
	Receiver's instance variables: 
		manager: 	a SessionManager
		deferredStartupActions: 	an OrderedCollection([ self new activate ])
		id: 	nil
		creationTime: 	2020-07-29T16:37:39.614276-04:00
		properties: 	a Dictionary(#accessMode->#readWrite )


[ arg2 value: arg3 ] in [ :arg3 | 
[ arg2 value: arg3 ]
	on: Exception
	do: [ :arg4 | self errorHandler handleError: arg4 ] ] in WorkingSession>>runList:do:
	Receiver: a WorkingSession
	Arguments and temporary variables: 
		arg1: 	an Array(a ClassSessionHandler(SmallInteger) a ClassSessionHandler(Sessio...etc...
		arg2: 	[ :arg2 | arg2 startup: arg1 ]
		arg3: 	a ClassSessionHandler(SourceFileArray
	Receiver's instance variables: 
		manager: 	a SessionManager
		deferredStartupActions: 	an OrderedCollection([ self new activate ])
		id: 	nil
		creationTime: 	2020-07-29T16:37:39.614276-04:00
		properties: 	a Dictionary(#accessMode->#readWrite )


BlockClosure>>on:do:
	Receiver: [ arg2 value: arg3 ]
	Arguments and temporary variables: 
		arg1: 	Exception
		arg2: 	[ :arg4 | self errorHandler handleError: arg4 
	Receiver's instance variables: 
		outerContext: 	[ :arg3 | 
[ arg2 value: arg3 ]
	on: Exception
	do: [ :arg4 | sel...etc...
		startpc: 	69
		numArgs: 	0


[ :arg3 | 
[ arg2 value: arg3 ]
	on: Exception
	do: [ :arg4 | self errorHandler handleError: arg4 ] ] in WorkingSession>>runList:do:
	Receiver: a WorkingSession
	Arguments and temporary variables: 
		arg1: 	an Array(a ClassSessionHandler(SmallInteger) a ClassSessionHandler(Sessio...etc...
		arg2: 	[ :arg2 | arg2 startup: arg1 ]
		arg3: 	a ClassSessionHandler(SourceFileArray
	Receiver's instance variables: 
		manager: 	a SessionManager
		deferredStartupActions: 	an OrderedCollection([ self new activate ])
		id: 	nil
		creationTime: 	2020-07-29T16:37:39.614276-04:00
		properties: 	a Dictionary(#accessMode->#readWrite )


Array(SequenceableCollection)>>do:
	Receiver: an Array(a ClassSessionHandler(SmallInteger) a ClassSessionHandler(SessionAccessModeResolv...etc...
	Arguments and temporary variables: 
<<error during printing>
	Receiver's instance variables: 
an Array(a ClassSessionHandler(SmallInteger) a ClassSessionHandler(SessionAccessModeResolv...etc...

WorkingSession>>runList:do:
	Receiver: a WorkingSession
	Arguments and temporary variables: 
		arg1: 	an Array(a ClassSessionHandler(SmallInteger) a ClassSessionHandler(Sessio...etc...
		arg2: 	[ :arg2 | arg2 startup: arg1 
	Receiver's instance variables: 
		manager: 	a SessionManager
		deferredStartupActions: 	an OrderedCollection([ self new activate ])
		id: 	nil
		creationTime: 	2020-07-29T16:37:39.614276-04:00
		properties: 	a Dictionary(#accessMode->#readWrite )


WorkingSession>>runStartup:
	Receiver: a WorkingSession
	Arguments and temporary variables: 
		arg1: 	tru
	Receiver's instance variables: 
		manager: 	a SessionManager
		deferredStartupActions: 	an OrderedCollection([ self new activate ])
		id: 	nil
		creationTime: 	2020-07-29T16:37:39.614276-04:00
		properties: 	a Dictionary(#accessMode->#readWrite )


WorkingSession>>start:
	Receiver: a WorkingSession
	Arguments and temporary variables: 
		arg1: 	tru
	Receiver's instance variables: 
		manager: 	a SessionManager
		deferredStartupActions: 	an OrderedCollection([ self new activate ])
		id: 	nil
		creationTime: 	2020-07-29T16:37:39.614276-04:00
		properties: 	a Dictionary(#accessMode->#readWrite )


SessionManager>>launchSnapshot:andQuit:
	Receiver: a SessionManager
	Arguments and temporary variables: 
		arg1: 	true
		arg2: 	true
		tmp1: 	true
		tmp2: 	tru
	Receiver's instance variables: 
		currentSession: 	a WorkingSession
		categories: 	an OrderedCollection(a SessionCategory(System) a SessionCategory(Ne...etc...
		guiCategory: 	a SessionCategory(Graphical User Interface)
		toolsCategory: 	a SessionCategory(Tools)
		networkCategory: 	a SessionCategory(Network)
		systemCategory: 	a SessionCategory(System)
		userCategory: 	a SessionCategory(User)


[ tmp3 := self launchSnapshot: arg1 andQuit: arg2.
tmp1 signal ] in SessionManager>>snapshot:andQuit:
	Receiver: a SessionManager
	Arguments and temporary variables: 
<<error during printing>
	Receiver's instance variables: 
		currentSession: 	a WorkingSession
		categories: 	an OrderedCollection(a SessionCategory(System) a SessionCategory(Ne...etc...
		guiCategory: 	a SessionCategory(Graphical User Interface)
		toolsCategory: 	a SessionCategory(Tools)
		networkCategory: 	a SessionCategory(Network)
		systemCategory: 	a SessionCategory(System)
		userCategory: 	a SessionCategory(User)


[ self value.
Processor terminateActive ] in BlockClosure>>newProcess
	Receiver: [ tmp3 := self launchSnapshot: arg1 andQuit: arg2.
tmp1 signal ]
	Arguments and temporary variables: 

	Receiver's instance variables: 
		outerContext: 	SessionManager>>snapshot:andQuit:
		startpc: 	135
		numArgs: 	0



--- The full stack ---
StartupUIManager>>inform:
PharoFilesOpener(Object)>>inform:
PharoFilesOpener>>inform:withRef:
PharoFilesOpener>>inform:withSourceRef:
PharoFilesOpener>>informCannotLocateSources
PharoFilesOpener>>sourcesFileOrNil
SourceFileArray>>ensureOpen
SmalltalkImage>>openSourceFiles
SourceFileArray class>>startUp:
ClassSessionHandler>>startup:
[ :arg2 | arg2 startup: arg1 ] in WorkingSession>>runStartup:
[ arg2 value: arg3 ] in [ :arg3 | 
[ arg2 value: arg3 ]
	on: Exception
	do: [ :arg4 | self errorHandler handleError: arg4 ] ] in WorkingSession>>runList:do:
BlockClosure>>on:do:
[ :arg3 | 
[ arg2 value: arg3 ]
	on: Exception
	do: [ :arg4 | self errorHandler handleError: arg4 ] ] in WorkingSession>>runList:do:
Array(SequenceableCollection)>>do:
WorkingSession>>runList:do:
WorkingSession>>runStartup:
WorkingSession>>start:
SessionManager>>launchSnapshot:andQuit:
[ tmp3 := self launchSnapshot: arg1 andQuit: arg2.
tmp1 signal ] in SessionManager>>snapshot:andQuit:
[ self value.
Processor terminateActive ] in BlockClosure>>newProcess
-------------------------------------------------------------------------------


===============================================================================
Notice: Pharo cannot locate the sources file named /mnt/c/Users/VictorStefano/Documents/Unity Projects/PharoVRIDE/Assets/StreamingAssets/PharoEngine/Pharo8.0-32bit-5173b02.sources.

Please check that the file is named properly and is in the
same directory as this image.
===============================================================================
THERE_BE_DRAGONS_HERE
Pharo cannot locate the sources file named /mnt/c/Users/VictorStefano/Documents/Unity Projects/PharoVRIDE/Assets/StreamingAssets/PharoEngine/Pharo8.0-32bit-5173b02.sources.

Please check that the file is named properly and is in the
same directory as this image.
29 July 2020 4:47:25.372911 pm

VM: unix - x86_64 - linux-gnu - CoInterpreter * VMMaker-CompatibleUserName.1580983506 uuid: 7aff73cb-5a2e-5002-a356-37de4e762a49 Feb 12 2020
StackToRegisterMappingCogit * VMMaker-CompatibleUserName.1580983506 uuid: 7aff73cb-5a2e-5002-a356-37de4e762a49 Feb 12 2020
VM: 202002121043 https://github.com/pharo-project/opensmalltalk-vm.git Date: Wed Feb 12 11:43:20 2020 CommitHash: 52202d8 Plugins: 202002121043 https://github.com/pharo-project/opensmalltalk-vm.git

Image: Pharo8.0.0 [Build information: Pharo-8.0.0+build.1134.sha.5173b0271894727189f261cb9eb9beaa3db3f205 (64 Bit)]

StartupUIManager>>inform:
	Receiver: a StartupUIManager
	Arguments and temporary variables: 
		arg1: 	'Pharo cannot locate the sources file named /mnt/c/Users/VictorStefano/Do...etc...
		tmp1: 	ni
	Receiver's instance variables: 
		doNotQuitOnRestart: 	false
		uiManager: 	nil


PharoFilesOpener(Object)>>inform:
	Receiver: a PharoFilesOpener
	Arguments and temporary variables: 
		arg1: 	'Pharo cannot locate the sources file named /mnt/c/Users/VictorStefano/Do...etc..
	Receiver's instance variables: 
		shouldInformAboutReadOnlyChanges: 	nil


PharoFilesOpener>>inform:withRef:
	Receiver: a PharoFilesOpener
	Arguments and temporary variables: 
		arg1: 	'Pharo cannot locate &fileRef.

Please check that the file is named prope...etc...
		arg2: 	'the sources file named /mnt/c/Users/VictorStefano/Documents/Unity Projec...etc..
	Receiver's instance variables: 
		shouldInformAboutReadOnlyChanges: 	nil


PharoFilesOpener>>inform:withSourceRef:
	Receiver: a PharoFilesOpener
	Arguments and temporary variables: 
		arg1: 	'Pharo cannot locate &fileRef.

Please check that the file is named prope...etc...
		arg2: 	'/mnt/c/Users/VictorStefano/Documents/Unity Projects/PharoVRIDE/Assets/St...etc..
	Receiver's instance variables: 
		shouldInformAboutReadOnlyChanges: 	nil


PharoFilesOpener>>informCannotLocateSources
	Receiver: a PharoFilesOpener
	Arguments and temporary variables: 
		tmp1: 	'Pharo cannot locate &fileRef.

Please check that the file is named prope...etc..
	Receiver's instance variables: 
		shouldInformAboutReadOnlyChanges: 	nil


PharoFilesOpener>>sourcesFileOrNil
	Receiver: a PharoFilesOpener
	Arguments and temporary variables: 
		tmp1: 	SourceFile(/mnt/c/Users/VictorStefano/Documents/Unity Projects/PharoVRIDE...etc..
	Receiver's instance variables: 
		shouldInformAboutReadOnlyChanges: 	nil


SourceFileArray>>ensureOpen
	Receiver: a SourceFileArray
	Arguments and temporary variables: 
		tmp1: 	nil
		tmp2: 	ni
	Receiver's instance variables: 
		files: 	#(nil nil)
		readOnlyQueue: 	SharedQueue with 0 items
		flushChanges: 	true


SmalltalkImage>>openSourceFiles
	Receiver: Smalltalk
	Arguments and temporary variables: 

	Receiver's instance variables: 
		globals: 	a SystemDictionary(lots of globals)
		specialObjectsArray: 	an Array(nil false true #Processor->Processor Bitmap Small...etc...
		vm: 	a VirtualMachine


SourceFileArray class>>startUp:
	Receiver: SourceFileArray
	Arguments and temporary variables: 
		arg1: 	tru
	Receiver's instance variables: 
		superclass: 	Object
		methodDict: 	a MethodDictionary(#changeRecordsFor:->SourceFileArray>>#changeReco...etc...
		format: 	65539
		layout: 	a FixedLayout
		organization: 	a ClassOrganization
		subclasses: 	nil
		name: 	#SourceFileArray
		classPool: 	a Dictionary()
		sharedPools: 	an OrderedCollection()
		environment: 	a SystemDictionary(lots of globals)
		category: 	#'System-Sources-Sources'


ClassSessionHandler>>startup:
	Receiver: a ClassSessionHandler(SourceFileArray)
	Arguments and temporary variables: 
		arg1: 	tru
	Receiver's instance variables: 
		registeredClassName: 	#SourceFileArray


[ :arg2 | arg2 startup: arg1 ] in WorkingSession>>runStartup:
	Receiver: a WorkingSession
	Arguments and temporary variables: 
		arg1: 	true
		arg2: 	a ClassSessionHandler(SourceFileArray
	Receiver's instance variables: 
		manager: 	a SessionManager
		deferredStartupActions: 	an OrderedCollection([ self new activate ])
		id: 	nil
		creationTime: 	2020-07-29T16:47:25.093322-04:00
		properties: 	a Dictionary(#accessMode->#readWrite )


[ arg2 value: arg3 ] in [ :arg3 | 
[ arg2 value: arg3 ]
	on: Exception
	do: [ :arg4 | self errorHandler handleError: arg4 ] ] in WorkingSession>>runList:do:
	Receiver: a WorkingSession
	Arguments and temporary variables: 
		arg1: 	an Array(a ClassSessionHandler(SmallInteger) a ClassSessionHandler(Sessio...etc...
		arg2: 	[ :arg2 | arg2 startup: arg1 ]
		arg3: 	a ClassSessionHandler(SourceFileArray
	Receiver's instance variables: 
		manager: 	a SessionManager
		deferredStartupActions: 	an OrderedCollection([ self new activate ])
		id: 	nil
		creationTime: 	2020-07-29T16:47:25.093322-04:00
		properties: 	a Dictionary(#accessMode->#readWrite )


BlockClosure>>on:do:
	Receiver: [ arg2 value: arg3 ]
	Arguments and temporary variables: 
		arg1: 	Exception
		arg2: 	[ :arg4 | self errorHandler handleError: arg4 
	Receiver's instance variables: 
		outerContext: 	[ :arg3 | 
[ arg2 value: arg3 ]
	on: Exception
	do: [ :arg4 | sel...etc...
		startpc: 	69
		numArgs: 	0


[ :arg3 | 
[ arg2 value: arg3 ]
	on: Exception
	do: [ :arg4 | self errorHandler handleError: arg4 ] ] in WorkingSession>>runList:do:
	Receiver: a WorkingSession
	Arguments and temporary variables: 
		arg1: 	an Array(a ClassSessionHandler(SmallInteger) a ClassSessionHandler(Sessio...etc...
		arg2: 	[ :arg2 | arg2 startup: arg1 ]
		arg3: 	a ClassSessionHandler(SourceFileArray
	Receiver's instance variables: 
		manager: 	a SessionManager
		deferredStartupActions: 	an OrderedCollection([ self new activate ])
		id: 	nil
		creationTime: 	2020-07-29T16:47:25.093322-04:00
		properties: 	a Dictionary(#accessMode->#readWrite )


Array(SequenceableCollection)>>do:
	Receiver: an Array(a ClassSessionHandler(SmallInteger) a ClassSessionHandler(SessionAccessModeResolv...etc...
	Arguments and temporary variables: 
<<error during printing>
	Receiver's instance variables: 
an Array(a ClassSessionHandler(SmallInteger) a ClassSessionHandler(SessionAccessModeResolv...etc...

WorkingSession>>runList:do:
	Receiver: a WorkingSession
	Arguments and temporary variables: 
		arg1: 	an Array(a ClassSessionHandler(SmallInteger) a ClassSessionHandler(Sessio...etc...
		arg2: 	[ :arg2 | arg2 startup: arg1 
	Receiver's instance variables: 
		manager: 	a SessionManager
		deferredStartupActions: 	an OrderedCollection([ self new activate ])
		id: 	nil
		creationTime: 	2020-07-29T16:47:25.093322-04:00
		properties: 	a Dictionary(#accessMode->#readWrite )


WorkingSession>>runStartup:
	Receiver: a WorkingSession
	Arguments and temporary variables: 
		arg1: 	tru
	Receiver's instance variables: 
		manager: 	a SessionManager
		deferredStartupActions: 	an OrderedCollection([ self new activate ])
		id: 	nil
		creationTime: 	2020-07-29T16:47:25.093322-04:00
		properties: 	a Dictionary(#accessMode->#readWrite )


WorkingSession>>start:
	Receiver: a WorkingSession
	Arguments and temporary variables: 
		arg1: 	tru
	Receiver's instance variables: 
		manager: 	a SessionManager
		deferredStartupActions: 	an OrderedCollection([ self new activate ])
		id: 	nil
		creationTime: 	2020-07-29T16:47:25.093322-04:00
		properties: 	a Dictionary(#accessMode->#readWrite )


SessionManager>>launchSnapshot:andQuit:
	Receiver: a SessionManager
	Arguments and temporary variables: 
		arg1: 	true
		arg2: 	true
		tmp1: 	true
		tmp2: 	tru
	Receiver's instance variables: 
		currentSession: 	a WorkingSession
		categories: 	an OrderedCollection(a SessionCategory(System) a SessionCategory(Ne...etc...
		guiCategory: 	a SessionCategory(Graphical User Interface)
		toolsCategory: 	a SessionCategory(Tools)
		networkCategory: 	a SessionCategory(Network)
		systemCategory: 	a SessionCategory(System)
		userCategory: 	a SessionCategory(User)


[ tmp3 := self launchSnapshot: arg1 andQuit: arg2.
tmp1 signal ] in SessionManager>>snapshot:andQuit:
	Receiver: a SessionManager
	Arguments and temporary variables: 
<<error during printing>
	Receiver's instance variables: 
		currentSession: 	a WorkingSession
		categories: 	an OrderedCollection(a SessionCategory(System) a SessionCategory(Ne...etc...
		guiCategory: 	a SessionCategory(Graphical User Interface)
		toolsCategory: 	a SessionCategory(Tools)
		networkCategory: 	a SessionCategory(Network)
		systemCategory: 	a SessionCategory(System)
		userCategory: 	a SessionCategory(User)


[ self value.
Processor terminateActive ] in BlockClosure>>newProcess
	Receiver: [ tmp3 := self launchSnapshot: arg1 andQuit: arg2.
tmp1 signal ]
	Arguments and temporary variables: 

	Receiver's instance variables: 
		outerContext: 	SessionManager>>snapshot:andQuit:
		startpc: 	135
		numArgs: 	0



--- The full stack ---
StartupUIManager>>inform:
PharoFilesOpener(Object)>>inform:
PharoFilesOpener>>inform:withRef:
PharoFilesOpener>>inform:withSourceRef:
PharoFilesOpener>>informCannotLocateSources
PharoFilesOpener>>sourcesFileOrNil
SourceFileArray>>ensureOpen
SmalltalkImage>>openSourceFiles
SourceFileArray class>>startUp:
ClassSessionHandler>>startup:
[ :arg2 | arg2 startup: arg1 ] in WorkingSession>>runStartup:
[ arg2 value: arg3 ] in [ :arg3 | 
[ arg2 value: arg3 ]
	on: Exception
	do: [ :arg4 | self errorHandler handleError: arg4 ] ] in WorkingSession>>runList:do:
BlockClosure>>on:do:
[ :arg3 | 
[ arg2 value: arg3 ]
	on: Exception
	do: [ :arg4 | self errorHandler handleError: arg4 ] ] in WorkingSession>>runList:do:
Array(SequenceableCollection)>>do:
WorkingSession>>runList:do:
WorkingSession>>runStartup:
WorkingSession>>start:
SessionManager>>launchSnapshot:andQuit:
[ tmp3 := self launchSnapshot: arg1 andQuit: arg2.
tmp1 signal ] in SessionManager>>snapshot:andQuit:
[ self value.
Processor terminateActive ] in BlockClosure>>newProcess
-------------------------------------------------------------------------------


===============================================================================
Notice: Pharo cannot locate the sources file named /mnt/c/Users/VictorStefano/Documents/Unity Projects/PharoVRIDE/Assets/StreamingAssets/PharoEngine/Pharo8.0-32bit-5173b02.sources.

Please check that the file is named properly and is in the
same directory as this image.
===============================================================================
THERE_BE_DRAGONS_HERE
Pharo cannot locate the sources file named /mnt/c/Users/VictorStefano/Documents/Unity Projects/PharoVRIDE/Assets/StreamingAssets/PharoEngine/Pharo8.0-32bit-5173b02.sources.

Please check that the file is named properly and is in the
same directory as this image.
29 July 2020 5:08:50.174818 pm

VM: unix - x86_64 - linux-gnu - CoInterpreter * VMMaker-CompatibleUserName.1580983506 uuid: 7aff73cb-5a2e-5002-a356-37de4e762a49 Feb 12 2020
StackToRegisterMappingCogit * VMMaker-CompatibleUserName.1580983506 uuid: 7aff73cb-5a2e-5002-a356-37de4e762a49 Feb 12 2020
VM: 202002121043 https://github.com/pharo-project/opensmalltalk-vm.git Date: Wed Feb 12 11:43:20 2020 CommitHash: 52202d8 Plugins: 202002121043 https://github.com/pharo-project/opensmalltalk-vm.git

Image: Pharo8.0.0 [Build information: Pharo-8.0.0+build.1134.sha.5173b0271894727189f261cb9eb9beaa3db3f205 (64 Bit)]

StartupUIManager>>inform:
	Receiver: a StartupUIManager
	Arguments and temporary variables: 
		arg1: 	'Pharo cannot locate the sources file named /mnt/c/Users/VictorStefano/Do...etc...
		tmp1: 	ni
	Receiver's instance variables: 
		doNotQuitOnRestart: 	false
		uiManager: 	nil


PharoFilesOpener(Object)>>inform:
	Receiver: a PharoFilesOpener
	Arguments and temporary variables: 
		arg1: 	'Pharo cannot locate the sources file named /mnt/c/Users/VictorStefano/Do...etc..
	Receiver's instance variables: 
		shouldInformAboutReadOnlyChanges: 	nil


PharoFilesOpener>>inform:withRef:
	Receiver: a PharoFilesOpener
	Arguments and temporary variables: 
		arg1: 	'Pharo cannot locate &fileRef.

Please check that the file is named prope...etc...
		arg2: 	'the sources file named /mnt/c/Users/VictorStefano/Documents/Unity Projec...etc..
	Receiver's instance variables: 
		shouldInformAboutReadOnlyChanges: 	nil


PharoFilesOpener>>inform:withSourceRef:
	Receiver: a PharoFilesOpener
	Arguments and temporary variables: 
		arg1: 	'Pharo cannot locate &fileRef.

Please check that the file is named prope...etc...
		arg2: 	'/mnt/c/Users/VictorStefano/Documents/Unity Projects/PharoVRIDE/Assets/St...etc..
	Receiver's instance variables: 
		shouldInformAboutReadOnlyChanges: 	nil


PharoFilesOpener>>informCannotLocateSources
	Receiver: a PharoFilesOpener
	Arguments and temporary variables: 
		tmp1: 	'Pharo cannot locate &fileRef.

Please check that the file is named prope...etc..
	Receiver's instance variables: 
		shouldInformAboutReadOnlyChanges: 	nil


PharoFilesOpener>>sourcesFileOrNil
	Receiver: a PharoFilesOpener
	Arguments and temporary variables: 
		tmp1: 	SourceFile(/mnt/c/Users/VictorStefano/Documents/Unity Projects/PharoVRIDE...etc..
	Receiver's instance variables: 
		shouldInformAboutReadOnlyChanges: 	nil


SourceFileArray>>ensureOpen
	Receiver: a SourceFileArray
	Arguments and temporary variables: 
		tmp1: 	nil
		tmp2: 	ni
	Receiver's instance variables: 
		files: 	#(nil nil)
		readOnlyQueue: 	SharedQueue with 0 items
		flushChanges: 	true


SmalltalkImage>>openSourceFiles
	Receiver: Smalltalk
	Arguments and temporary variables: 

	Receiver's instance variables: 
		globals: 	a SystemDictionary(lots of globals)
		specialObjectsArray: 	an Array(nil false true #Processor->Processor Bitmap Small...etc...
		vm: 	a VirtualMachine


SourceFileArray class>>startUp:
	Receiver: SourceFileArray
	Arguments and temporary variables: 
		arg1: 	tru
	Receiver's instance variables: 
		superclass: 	Object
		methodDict: 	a MethodDictionary(#changeRecordsFor:->SourceFileArray>>#changeReco...etc...
		format: 	65539
		layout: 	a FixedLayout
		organization: 	a ClassOrganization
		subclasses: 	nil
		name: 	#SourceFileArray
		classPool: 	a Dictionary()
		sharedPools: 	an OrderedCollection()
		environment: 	a SystemDictionary(lots of globals)
		category: 	#'System-Sources-Sources'


ClassSessionHandler>>startup:
	Receiver: a ClassSessionHandler(SourceFileArray)
	Arguments and temporary variables: 
		arg1: 	tru
	Receiver's instance variables: 
		registeredClassName: 	#SourceFileArray


[ :arg2 | arg2 startup: arg1 ] in WorkingSession>>runStartup:
	Receiver: a WorkingSession
	Arguments and temporary variables: 
		arg1: 	true
		arg2: 	a ClassSessionHandler(SourceFileArray
	Receiver's instance variables: 
		manager: 	a SessionManager
		deferredStartupActions: 	an OrderedCollection([ self new activate ])
		id: 	nil
		creationTime: 	2020-07-29T17:08:49.749048-04:00
		properties: 	a Dictionary(#accessMode->#readWrite )


[ arg2 value: arg3 ] in [ :arg3 | 
[ arg2 value: arg3 ]
	on: Exception
	do: [ :arg4 | self errorHandler handleError: arg4 ] ] in WorkingSession>>runList:do:
	Receiver: a WorkingSession
	Arguments and temporary variables: 
		arg1: 	an Array(a ClassSessionHandler(SmallInteger) a ClassSessionHandler(Sessio...etc...
		arg2: 	[ :arg2 | arg2 startup: arg1 ]
		arg3: 	a ClassSessionHandler(SourceFileArray
	Receiver's instance variables: 
		manager: 	a SessionManager
		deferredStartupActions: 	an OrderedCollection([ self new activate ])
		id: 	nil
		creationTime: 	2020-07-29T17:08:49.749048-04:00
		properties: 	a Dictionary(#accessMode->#readWrite )


BlockClosure>>on:do:
	Receiver: [ arg2 value: arg3 ]
	Arguments and temporary variables: 
		arg1: 	Exception
		arg2: 	[ :arg4 | self errorHandler handleError: arg4 
	Receiver's instance variables: 
		outerContext: 	[ :arg3 | 
[ arg2 value: arg3 ]
	on: Exception
	do: [ :arg4 | sel...etc...
		startpc: 	69
		numArgs: 	0


[ :arg3 | 
[ arg2 value: arg3 ]
	on: Exception
	do: [ :arg4 | self errorHandler handleError: arg4 ] ] in WorkingSession>>runList:do:
	Receiver: a WorkingSession
	Arguments and temporary variables: 
		arg1: 	an Array(a ClassSessionHandler(SmallInteger) a ClassSessionHandler(Sessio...etc...
		arg2: 	[ :arg2 | arg2 startup: arg1 ]
		arg3: 	a ClassSessionHandler(SourceFileArray
	Receiver's instance variables: 
		manager: 	a SessionManager
		deferredStartupActions: 	an OrderedCollection([ self new activate ])
		id: 	nil
		creationTime: 	2020-07-29T17:08:49.749048-04:00
		properties: 	a Dictionary(#accessMode->#readWrite )


Array(SequenceableCollection)>>do:
	Receiver: an Array(a ClassSessionHandler(SmallInteger) a ClassSessionHandler(SessionAccessModeResolv...etc...
	Arguments and temporary variables: 
<<error during printing>
	Receiver's instance variables: 
an Array(a ClassSessionHandler(SmallInteger) a ClassSessionHandler(SessionAccessModeResolv...etc...

WorkingSession>>runList:do:
	Receiver: a WorkingSession
	Arguments and temporary variables: 
		arg1: 	an Array(a ClassSessionHandler(SmallInteger) a ClassSessionHandler(Sessio...etc...
		arg2: 	[ :arg2 | arg2 startup: arg1 
	Receiver's instance variables: 
		manager: 	a SessionManager
		deferredStartupActions: 	an OrderedCollection([ self new activate ])
		id: 	nil
		creationTime: 	2020-07-29T17:08:49.749048-04:00
		properties: 	a Dictionary(#accessMode->#readWrite )


WorkingSession>>runStartup:
	Receiver: a WorkingSession
	Arguments and temporary variables: 
		arg1: 	tru
	Receiver's instance variables: 
		manager: 	a SessionManager
		deferredStartupActions: 	an OrderedCollection([ self new activate ])
		id: 	nil
		creationTime: 	2020-07-29T17:08:49.749048-04:00
		properties: 	a Dictionary(#accessMode->#readWrite )


WorkingSession>>start:
	Receiver: a WorkingSession
	Arguments and temporary variables: 
		arg1: 	tru
	Receiver's instance variables: 
		manager: 	a SessionManager
		deferredStartupActions: 	an OrderedCollection([ self new activate ])
		id: 	nil
		creationTime: 	2020-07-29T17:08:49.749048-04:00
		properties: 	a Dictionary(#accessMode->#readWrite )


SessionManager>>launchSnapshot:andQuit:
	Receiver: a SessionManager
	Arguments and temporary variables: 
		arg1: 	true
		arg2: 	true
		tmp1: 	true
		tmp2: 	tru
	Receiver's instance variables: 
		currentSession: 	a WorkingSession
		categories: 	an OrderedCollection(a SessionCategory(System) a SessionCategory(Ne...etc...
		guiCategory: 	a SessionCategory(Graphical User Interface)
		toolsCategory: 	a SessionCategory(Tools)
		networkCategory: 	a SessionCategory(Network)
		systemCategory: 	a SessionCategory(System)
		userCategory: 	a SessionCategory(User)


[ tmp3 := self launchSnapshot: arg1 andQuit: arg2.
tmp1 signal ] in SessionManager>>snapshot:andQuit:
	Receiver: a SessionManager
	Arguments and temporary variables: 
<<error during printing>
	Receiver's instance variables: 
		currentSession: 	a WorkingSession
		categories: 	an OrderedCollection(a SessionCategory(System) a SessionCategory(Ne...etc...
		guiCategory: 	a SessionCategory(Graphical User Interface)
		toolsCategory: 	a SessionCategory(Tools)
		networkCategory: 	a SessionCategory(Network)
		systemCategory: 	a SessionCategory(System)
		userCategory: 	a SessionCategory(User)


[ self value.
Processor terminateActive ] in BlockClosure>>newProcess
	Receiver: [ tmp3 := self launchSnapshot: arg1 andQuit: arg2.
tmp1 signal ]
	Arguments and temporary variables: 

	Receiver's instance variables: 
		outerContext: 	SessionManager>>snapshot:andQuit:
		startpc: 	135
		numArgs: 	0



--- The full stack ---
StartupUIManager>>inform:
PharoFilesOpener(Object)>>inform:
PharoFilesOpener>>inform:withRef:
PharoFilesOpener>>inform:withSourceRef:
PharoFilesOpener>>informCannotLocateSources
PharoFilesOpener>>sourcesFileOrNil
SourceFileArray>>ensureOpen
SmalltalkImage>>openSourceFiles
SourceFileArray class>>startUp:
ClassSessionHandler>>startup:
[ :arg2 | arg2 startup: arg1 ] in WorkingSession>>runStartup:
[ arg2 value: arg3 ] in [ :arg3 | 
[ arg2 value: arg3 ]
	on: Exception
	do: [ :arg4 | self errorHandler handleError: arg4 ] ] in WorkingSession>>runList:do:
BlockClosure>>on:do:
[ :arg3 | 
[ arg2 value: arg3 ]
	on: Exception
	do: [ :arg4 | self errorHandler handleError: arg4 ] ] in WorkingSession>>runList:do:
Array(SequenceableCollection)>>do:
WorkingSession>>runList:do:
WorkingSession>>runStartup:
WorkingSession>>start:
SessionManager>>launchSnapshot:andQuit:
[ tmp3 := self launchSnapshot: arg1 andQuit: arg2.
tmp1 signal ] in SessionManager>>snapshot:andQuit:
[ self value.
Processor terminateActive ] in BlockClosure>>newProcess
-------------------------------------------------------------------------------


===============================================================================
Notice: Pharo cannot locate the sources file named /mnt/c/Users/VictorStefano/Documents/Unity Projects/PharoVRIDE/Assets/StreamingAssets/PharoEngine/Pharo8.0-32bit-5173b02.sources.

Please check that the file is named properly and is in the
same directory as this image.
===============================================================================
THERE_BE_DRAGONS_HERE
Pharo cannot locate the sources file named /mnt/c/Users/VictorStefano/Documents/Unity Projects/PharoVRIDE/Assets/StreamingAssets/PharoEngine/Pharo8.0-32bit-5173b02.sources.

Please check that the file is named properly and is in the
same directory as this image.
29 July 2020 5:16:50.961473 pm

VM: unix - x86_64 - linux-gnu - CoInterpreter * VMMaker-CompatibleUserName.1580983506 uuid: 7aff73cb-5a2e-5002-a356-37de4e762a49 Feb 12 2020
StackToRegisterMappingCogit * VMMaker-CompatibleUserName.1580983506 uuid: 7aff73cb-5a2e-5002-a356-37de4e762a49 Feb 12 2020
VM: 202002121043 https://github.com/pharo-project/opensmalltalk-vm.git Date: Wed Feb 12 11:43:20 2020 CommitHash: 52202d8 Plugins: 202002121043 https://github.com/pharo-project/opensmalltalk-vm.git

Image: Pharo8.0.0 [Build information: Pharo-8.0.0+build.1134.sha.5173b0271894727189f261cb9eb9beaa3db3f205 (64 Bit)]

StartupUIManager>>inform:
	Receiver: a StartupUIManager
	Arguments and temporary variables: 
		arg1: 	'Pharo cannot locate the sources file named /mnt/c/Users/VictorStefano/Do...etc...
		tmp1: 	ni
	Receiver's instance variables: 
		doNotQuitOnRestart: 	false
		uiManager: 	nil


PharoFilesOpener(Object)>>inform:
	Receiver: a PharoFilesOpener
	Arguments and temporary variables: 
		arg1: 	'Pharo cannot locate the sources file named /mnt/c/Users/VictorStefano/Do...etc..
	Receiver's instance variables: 
		shouldInformAboutReadOnlyChanges: 	nil


PharoFilesOpener>>inform:withRef:
	Receiver: a PharoFilesOpener
	Arguments and temporary variables: 
		arg1: 	'Pharo cannot locate &fileRef.

Please check that the file is named prope...etc...
		arg2: 	'the sources file named /mnt/c/Users/VictorStefano/Documents/Unity Projec...etc..
	Receiver's instance variables: 
		shouldInformAboutReadOnlyChanges: 	nil


PharoFilesOpener>>inform:withSourceRef:
	Receiver: a PharoFilesOpener
	Arguments and temporary variables: 
		arg1: 	'Pharo cannot locate &fileRef.

Please check that the file is named prope...etc...
		arg2: 	'/mnt/c/Users/VictorStefano/Documents/Unity Projects/PharoVRIDE/Assets/St...etc..
	Receiver's instance variables: 
		shouldInformAboutReadOnlyChanges: 	nil


PharoFilesOpener>>informCannotLocateSources
	Receiver: a PharoFilesOpener
	Arguments and temporary variables: 
		tmp1: 	'Pharo cannot locate &fileRef.

Please check that the file is named prope...etc..
	Receiver's instance variables: 
		shouldInformAboutReadOnlyChanges: 	nil


PharoFilesOpener>>sourcesFileOrNil
	Receiver: a PharoFilesOpener
	Arguments and temporary variables: 
		tmp1: 	SourceFile(/mnt/c/Users/VictorStefano/Documents/Unity Projects/PharoVRIDE...etc..
	Receiver's instance variables: 
		shouldInformAboutReadOnlyChanges: 	nil


SourceFileArray>>ensureOpen
	Receiver: a SourceFileArray
	Arguments and temporary variables: 
		tmp1: 	nil
		tmp2: 	ni
	Receiver's instance variables: 
		files: 	#(nil nil)
		readOnlyQueue: 	SharedQueue with 0 items
		flushChanges: 	true


SmalltalkImage>>openSourceFiles
	Receiver: Smalltalk
	Arguments and temporary variables: 

	Receiver's instance variables: 
		globals: 	a SystemDictionary(lots of globals)
		specialObjectsArray: 	an Array(nil false true #Processor->Processor Bitmap Small...etc...
		vm: 	a VirtualMachine


SourceFileArray class>>startUp:
	Receiver: SourceFileArray
	Arguments and temporary variables: 
		arg1: 	tru
	Receiver's instance variables: 
		superclass: 	Object
		methodDict: 	a MethodDictionary(#changeRecordsFor:->SourceFileArray>>#changeReco...etc...
		format: 	65539
		layout: 	a FixedLayout
		organization: 	a ClassOrganization
		subclasses: 	nil
		name: 	#SourceFileArray
		classPool: 	a Dictionary()
		sharedPools: 	an OrderedCollection()
		environment: 	a SystemDictionary(lots of globals)
		category: 	#'System-Sources-Sources'


ClassSessionHandler>>startup:
	Receiver: a ClassSessionHandler(SourceFileArray)
	Arguments and temporary variables: 
		arg1: 	tru
	Receiver's instance variables: 
		registeredClassName: 	#SourceFileArray


[ :arg2 | arg2 startup: arg1 ] in WorkingSession>>runStartup:
	Receiver: a WorkingSession
	Arguments and temporary variables: 
		arg1: 	true
		arg2: 	a ClassSessionHandler(SourceFileArray
	Receiver's instance variables: 
		manager: 	a SessionManager
		deferredStartupActions: 	an OrderedCollection([ self new activate ])
		id: 	nil
		creationTime: 	2020-07-29T17:16:50.250322-04:00
		properties: 	a Dictionary(#accessMode->#readWrite )


[ arg2 value: arg3 ] in [ :arg3 | 
[ arg2 value: arg3 ]
	on: Exception
	do: [ :arg4 | self errorHandler handleError: arg4 ] ] in WorkingSession>>runList:do:
	Receiver: a WorkingSession
	Arguments and temporary variables: 
		arg1: 	an Array(a ClassSessionHandler(SmallInteger) a ClassSessionHandler(Sessio...etc...
		arg2: 	[ :arg2 | arg2 startup: arg1 ]
		arg3: 	a ClassSessionHandler(SourceFileArray
	Receiver's instance variables: 
		manager: 	a SessionManager
		deferredStartupActions: 	an OrderedCollection([ self new activate ])
		id: 	nil
		creationTime: 	2020-07-29T17:16:50.250322-04:00
		properties: 	a Dictionary(#accessMode->#readWrite )


BlockClosure>>on:do:
	Receiver: [ arg2 value: arg3 ]
	Arguments and temporary variables: 
		arg1: 	Exception
		arg2: 	[ :arg4 | self errorHandler handleError: arg4 
	Receiver's instance variables: 
		outerContext: 	[ :arg3 | 
[ arg2 value: arg3 ]
	on: Exception
	do: [ :arg4 | sel...etc...
		startpc: 	69
		numArgs: 	0


[ :arg3 | 
[ arg2 value: arg3 ]
	on: Exception
	do: [ :arg4 | self errorHandler handleError: arg4 ] ] in WorkingSession>>runList:do:
	Receiver: a WorkingSession
	Arguments and temporary variables: 
		arg1: 	an Array(a ClassSessionHandler(SmallInteger) a ClassSessionHandler(Sessio...etc...
		arg2: 	[ :arg2 | arg2 startup: arg1 ]
		arg3: 	a ClassSessionHandler(SourceFileArray
	Receiver's instance variables: 
		manager: 	a SessionManager
		deferredStartupActions: 	an OrderedCollection([ self new activate ])
		id: 	nil
		creationTime: 	2020-07-29T17:16:50.250322-04:00
		properties: 	a Dictionary(#accessMode->#readWrite )


Array(SequenceableCollection)>>do:
	Receiver: an Array(a ClassSessionHandler(SmallInteger) a ClassSessionHandler(SessionAccessModeResolv...etc...
	Arguments and temporary variables: 
<<error during printing>
	Receiver's instance variables: 
an Array(a ClassSessionHandler(SmallInteger) a ClassSessionHandler(SessionAccessModeResolv...etc...

WorkingSession>>runList:do:
	Receiver: a WorkingSession
	Arguments and temporary variables: 
		arg1: 	an Array(a ClassSessionHandler(SmallInteger) a ClassSessionHandler(Sessio...etc...
		arg2: 	[ :arg2 | arg2 startup: arg1 
	Receiver's instance variables: 
		manager: 	a SessionManager
		deferredStartupActions: 	an OrderedCollection([ self new activate ])
		id: 	nil
		creationTime: 	2020-07-29T17:16:50.250322-04:00
		properties: 	a Dictionary(#accessMode->#readWrite )


WorkingSession>>runStartup:
	Receiver: a WorkingSession
	Arguments and temporary variables: 
		arg1: 	tru
	Receiver's instance variables: 
		manager: 	a SessionManager
		deferredStartupActions: 	an OrderedCollection([ self new activate ])
		id: 	nil
		creationTime: 	2020-07-29T17:16:50.250322-04:00
		properties: 	a Dictionary(#accessMode->#readWrite )


WorkingSession>>start:
	Receiver: a WorkingSession
	Arguments and temporary variables: 
		arg1: 	tru
	Receiver's instance variables: 
		manager: 	a SessionManager
		deferredStartupActions: 	an OrderedCollection([ self new activate ])
		id: 	nil
		creationTime: 	2020-07-29T17:16:50.250322-04:00
		properties: 	a Dictionary(#accessMode->#readWrite )


SessionManager>>launchSnapshot:andQuit:
	Receiver: a SessionManager
	Arguments and temporary variables: 
		arg1: 	true
		arg2: 	true
		tmp1: 	true
		tmp2: 	tru
	Receiver's instance variables: 
		currentSession: 	a WorkingSession
		categories: 	an OrderedCollection(a SessionCategory(System) a SessionCategory(Ne...etc...
		guiCategory: 	a SessionCategory(Graphical User Interface)
		toolsCategory: 	a SessionCategory(Tools)
		networkCategory: 	a SessionCategory(Network)
		systemCategory: 	a SessionCategory(System)
		userCategory: 	a SessionCategory(User)


[ tmp3 := self launchSnapshot: arg1 andQuit: arg2.
tmp1 signal ] in SessionManager>>snapshot:andQuit:
	Receiver: a SessionManager
	Arguments and temporary variables: 
<<error during printing>
	Receiver's instance variables: 
		currentSession: 	a WorkingSession
		categories: 	an OrderedCollection(a SessionCategory(System) a SessionCategory(Ne...etc...
		guiCategory: 	a SessionCategory(Graphical User Interface)
		toolsCategory: 	a SessionCategory(Tools)
		networkCategory: 	a SessionCategory(Network)
		systemCategory: 	a SessionCategory(System)
		userCategory: 	a SessionCategory(User)


[ self value.
Processor terminateActive ] in BlockClosure>>newProcess
	Receiver: [ tmp3 := self launchSnapshot: arg1 andQuit: arg2.
tmp1 signal ]
	Arguments and temporary variables: 

	Receiver's instance variables: 
		outerContext: 	SessionManager>>snapshot:andQuit:
		startpc: 	135
		numArgs: 	0



--- The full stack ---
StartupUIManager>>inform:
PharoFilesOpener(Object)>>inform:
PharoFilesOpener>>inform:withRef:
PharoFilesOpener>>inform:withSourceRef:
PharoFilesOpener>>informCannotLocateSources
PharoFilesOpener>>sourcesFileOrNil
SourceFileArray>>ensureOpen
SmalltalkImage>>openSourceFiles
SourceFileArray class>>startUp:
ClassSessionHandler>>startup:
[ :arg2 | arg2 startup: arg1 ] in WorkingSession>>runStartup:
[ arg2 value: arg3 ] in [ :arg3 | 
[ arg2 value: arg3 ]
	on: Exception
	do: [ :arg4 | self errorHandler handleError: arg4 ] ] in WorkingSession>>runList:do:
BlockClosure>>on:do:
[ :arg3 | 
[ arg2 value: arg3 ]
	on: Exception
	do: [ :arg4 | self errorHandler handleError: arg4 ] ] in WorkingSession>>runList:do:
Array(SequenceableCollection)>>do:
WorkingSession>>runList:do:
WorkingSession>>runStartup:
WorkingSession>>start:
SessionManager>>launchSnapshot:andQuit:
[ tmp3 := self launchSnapshot: arg1 andQuit: arg2.
tmp1 signal ] in SessionManager>>snapshot:andQuit:
[ self value.
Processor terminateActive ] in BlockClosure>>newProcess
-------------------------------------------------------------------------------


===============================================================================
Notice: Pharo cannot locate the sources file named /mnt/c/Users/VictorStefano/Documents/Unity Projects/PharoVRIDE/Assets/StreamingAssets/PharoEngine/Pharo8.0-32bit-5173b02.sources.

Please check that the file is named properly and is in the
same directory as this image.
===============================================================================
