Using pre-set license
Built from '2020.3/staging' branch; Version is '2020.3.0f1 (c7b5465681fb) revision 13088070'; Using compiler version '192528614'; Build Type 'Release'
OS: 'Windows 10 Home Single Language; OS build 18363.1440; Version 1909; 64bit' Language: 'es' Physical Memory: 16251 MB
BatchMode: 1, IsHumanControllingUs: 0, StartBugReporterOnCrash: 0, Is64bit: 1, IsPro: 0

 COMMAND LINE ARGUMENTS:
D:\Unity\2020.3.0f1\Editor\Unity.exe
-adb2
-batchMode
-noUpm
-name
AssetImportWorker0
-projectPath
C:/Users/alexa/Documents/Unity Projects/PharoVRIDE
-logFile
Logs/AssetImportWorker0.log
-srvPort
57270
Successfully changed project path to: C:/Users/alexa/Documents/Unity Projects/PharoVRIDE
C:/Users/alexa/Documents/Unity Projects/PharoVRIDE
Using Asset Import Pipeline V2.
Refreshing native plugins compatible for Editor in 45.42 ms, found 8 plugins.
Preloading 1 native plugins for Editor in 0.59 ms.
Initialize engine version: 2020.3.0f1 (c7b5465681fb)
[Subsystems] Discovering subsystems at path D:/Unity/2020.3.0f1/Editor/Data/Resources/UnitySubsystems
[Subsystems] Discovering subsystems at path C:/Users/alexa/Documents/Unity Projects/PharoVRIDE/Assets
GfxDevice: creating device client; threaded=0
Direct3D:
    Version:  Direct3D 11.0 [level 11.1]
    Renderer: NVIDIA GeForce RTX 2060 (ID=0x1f15)
    Vendor:   
    VRAM:     5980 MB
    Driver:   27.21.14.5256
Initialize mono
Mono path[0] = 'D:/Unity/2020.3.0f1/Editor/Data/Managed'
Mono path[1] = 'D:/Unity/2020.3.0f1/Editor/Data/MonoBleedingEdge/lib/mono/unityjit'
Mono config path = 'D:/Unity/2020.3.0f1/Editor/Data/MonoBleedingEdge/etc'
Using monoOptions --debugger-agent=transport=dt_socket,embedding=1,server=y,suspend=n,address=127.0.0.1:56096
Begin MonoManager ReloadAssembly
Registering precompiled unity dll's ...
Register platform support module: D:/Unity/2020.3.0f1/Editor/Data/PlaybackEngines/MacStandaloneSupport/UnityEditor.OSXStandalone.Extensions.dll
Register platform support module: D:/Unity/2020.3.0f1/Editor/Data/PlaybackEngines/WindowsStandaloneSupport/UnityEditor.WindowsStandalone.Extensions.dll
Register platform support module: D:/Unity/2020.3.0f1/Editor/Data/PlaybackEngines/LinuxStandaloneSupport/UnityEditor.LinuxStandalone.Extensions.dll
Registered in 0.000955 seconds.
Native extension for LinuxStandalone target not found
Native extension for WindowsStandalone target not found
Native extension for OSXStandalone target not found
Refreshing native plugins compatible for Editor in 32.17 ms, found 8 plugins.
Preloading 1 native plugins for Editor in 0.06 ms.
Invoked RoslynAnalysisRunner static constructor.
RoslynAnalysisRunner will not be running.
RoslynAnalysisRunner has terminated.
Mono: successfully reloaded assembly
- Completed reload, in  1.193 seconds
Platform modules already initialized, skipping
Registering precompiled user dll's ...
Registered in 0.009966 seconds.
Begin MonoManager ReloadAssembly
Symbol file LoadedFromMemory is not a mono symbol file
Failed loading assembly 'Assets/Plugins/System.Drawing.dll' reason: File does not contain a valid CIL image
Loading assembly failed: "Assets/Plugins/System.Drawing.dll" reason: File does not contain a valid CIL image

Failed loading assembly 'Assets/Plugins/System.Drawing.Design.dll' reason: File does not contain a valid CIL image
Loading assembly failed: "Assets/Plugins/System.Drawing.Design.dll" reason: File does not contain a valid CIL image

Native extension for LinuxStandalone target not found
Native extension for WindowsStandalone target not found
Native extension for OSXStandalone target not found
Refreshing native plugins compatible for Editor in 32.55 ms, found 8 plugins.
Preloading 1 native plugins for Editor in 0.07 ms.
Invoked RoslynAnalysisRunner static constructor.
RoslynAnalysisRunner will not be running.
RoslynAnalysisRunner has terminated.
[XR] OculusXRPlugin: registering subsystems
[XR] Unable to register display lifecyle provider: [1]
[XR] Oculus Input lifecycle provider registered.
[XR] Unable to register input lifecyle provider: [1]
NullReferenceException: Object reference not set to an instance of an object
  at Unity.XR.Oculus.OculusLoader.AssetPathToAbsolutePath (System.String assetPath) [0x00048] in C:\Users\alexa\Documents\Unity Projects\PharoVRIDE\Library\PackageCache\com.unity.xr.oculus@1.8.1\Runtime\OculusLoader.cs:243 
  at Unity.XR.Oculus.OculusLoader.EditorLoadOVRPlugin () [0x0007b] in C:\Users\alexa\Documents\Unity Projects\PharoVRIDE\Library\PackageCache\com.unity.xr.oculus@1.8.1\Runtime\OculusLoader.cs:228 

(Filename: Library/PackageCache/com.unity.xr.oculus@1.8.1/Runtime/OculusLoader.cs Line: 243)

Mono: successfully reloaded assembly
- Completed reload, in  1.315 seconds
Platform modules already initialized, skipping
Assertion failed on expression: 'reloadOk'

========================================================================
Worker process is ready to serve import requests
Launched and connected shader compiler UnityShaderCompiler.exe after 0.03 seconds
Refreshing native plugins compatible for Editor in 0.58 ms, found 8 plugins.
Preloading 1 native plugins for Editor in 0.06 ms.
Unloading 1897 Unused Serialized files (Serialized files now loaded: 0)
System memory in use before: 114.8 MB.
System memory in use after: 114.5 MB.

Unloading 66 unused Assets to reduce memory usage. Loaded Objects now: 2340.
Total: 2.174900 ms (FindLiveObjects: 0.168000 ms CreateObjectMapping: 0.079800 ms MarkObjects: 1.781900 ms  DeleteObjects: 0.144600 ms)

========================================================================
Received Import Request.
  path: Assets/Resources/Prefabs/3.0/UI/Browser.prefab
  artifactKey: Guid(98088061314bfa54cab46daa4c1bb778) Importer(815301076,1909f56bfc062723c751e8b465ee728b)
Start importing Assets/Resources/Prefabs/3.0/UI/Browser.prefab using Guid(98088061314bfa54cab46daa4c1bb778) Importer(815301076,1909f56bfc062723c751e8b465ee728b)  -> (artifact id: '78ed4912052fa0ea2bdd4e5c625d5a43') in 0.535499 seconds
  Import took 0.539685 seconds .

========================================================================
Received Prepare
Refreshing native plugins compatible for Editor in 12.06 ms, found 8 plugins.
Preloading 1 native plugins for Editor in 0.08 ms.
Unloading 46 Unused Serialized files (Serialized files now loaded: 0)
System memory in use before: 77.4 MB.
System memory in use after: 77.3 MB.

Unloading 51 unused Assets to reduce memory usage. Loaded Objects now: 2348.
Total: 2.613600 ms (FindLiveObjects: 0.308000 ms CreateObjectMapping: 0.095700 ms MarkObjects: 2.022300 ms  DeleteObjects: 0.186700 ms)

========================================================================
Received Import Request.
  Time since last request: 513.726186 seconds.
  path: Assets/Resources/Prefabs/3.0/UI/Inspector.prefab
  artifactKey: Guid(8edb5bebbffcf3341af87069bb0c36e6) Importer(815301076,1909f56bfc062723c751e8b465ee728b)
Start importing Assets/Resources/Prefabs/3.0/UI/Inspector.prefab using Guid(8edb5bebbffcf3341af87069bb0c36e6) Importer(815301076,1909f56bfc062723c751e8b465ee728b)  -> (artifact id: 'ddc84cbcfecedf308adcd7eb5a3457d4') in 0.031353 seconds
  Import took 0.035246 seconds .

========================================================================
Received Import Request.
  Time since last request: 45.880772 seconds.
  path: Assets/Resources/Prefabs/3.0/UI/Playground.prefab
  artifactKey: Guid(450e17a1d9a87614e8aff7ea7d71181d) Importer(815301076,1909f56bfc062723c751e8b465ee728b)
Start importing Assets/Resources/Prefabs/3.0/UI/Playground.prefab using Guid(450e17a1d9a87614e8aff7ea7d71181d) Importer(815301076,1909f56bfc062723c751e8b465ee728b)  -> (artifact id: '746489ff3f5cc303c64e38335c54708a') in 0.085558 seconds
  Import took 0.090299 seconds .

========================================================================
Received Import Request.
  Time since last request: 69.654820 seconds.
  path: Assets/Resources/Prefabs/3.0/UI/Transcript.prefab
  artifactKey: Guid(91399c91e41a50c46b88f339e9d07cff) Importer(815301076,1909f56bfc062723c751e8b465ee728b)
Start importing Assets/Resources/Prefabs/3.0/UI/Transcript.prefab using Guid(91399c91e41a50c46b88f339e9d07cff) Importer(815301076,1909f56bfc062723c751e8b465ee728b)  -> (artifact id: '948dd484533562e42574eca30898fdaa') in 0.026905 seconds
  Import took 0.030857 seconds .

========================================================================
Received Import Request.
  Time since last request: 1099.107088 seconds.
  path: Assets/Resources/Prefabs/3.0/UI/Browser.prefab
  artifactKey: Guid(98088061314bfa54cab46daa4c1bb778) Importer(815301076,1909f56bfc062723c751e8b465ee728b)
Start importing Assets/Resources/Prefabs/3.0/UI/Browser.prefab using Guid(98088061314bfa54cab46daa4c1bb778) Importer(815301076,1909f56bfc062723c751e8b465ee728b)  -> (artifact id: 'bda2b1b1991093f3628c10c156bc0375') in 0.073332 seconds
  Import took 0.078581 seconds .

========================================================================
Received Import Request.
  Time since last request: 0.000207 seconds.
  path: Assets/Resources/Prefabs/3.0/UI/Keyboards.prefab
  artifactKey: Guid(c3196275f8a467548b7939a150347be7) Importer(815301076,1909f56bfc062723c751e8b465ee728b)
Start importing Assets/Resources/Prefabs/3.0/UI/Keyboards.prefab using Guid(c3196275f8a467548b7939a150347be7) Importer(815301076,1909f56bfc062723c751e8b465ee728b)  -> (artifact id: '03415b6d6f1821211fa518ddffb056d0') in 0.048036 seconds
  Import took 0.051948 seconds .

========================================================================
Received Import Request.
  Time since last request: 0.000158 seconds.
  path: Assets/Resources/Prefabs/3.0/UI/Playground.prefab
  artifactKey: Guid(450e17a1d9a87614e8aff7ea7d71181d) Importer(815301076,1909f56bfc062723c751e8b465ee728b)
Start importing Assets/Resources/Prefabs/3.0/UI/Playground.prefab using Guid(450e17a1d9a87614e8aff7ea7d71181d) Importer(815301076,1909f56bfc062723c751e8b465ee728b)  -> (artifact id: '95b0dab04743952bbff959b830b6a04b') in 0.053265 seconds
  Import took 0.057293 seconds .

========================================================================
Received Prepare
Registering precompiled user dll's ...
Registered in 0.011468 seconds.
Begin MonoManager ReloadAssembly
Symbol file LoadedFromMemory is not a mono symbol file
Failed loading assembly 'Assets/Plugins/System.Drawing.dll' reason: File does not contain a valid CIL image
Loading assembly failed: "Assets/Plugins/System.Drawing.dll" reason: File does not contain a valid CIL image

Failed loading assembly 'Assets/Plugins/System.Drawing.Design.dll' reason: File does not contain a valid CIL image
Loading assembly failed: "Assets/Plugins/System.Drawing.Design.dll" reason: File does not contain a valid CIL image

Native extension for LinuxStandalone target not found
Native extension for WindowsStandalone target not found
Native extension for OSXStandalone target not found
Refreshing native plugins compatible for Editor in 0.62 ms, found 8 plugins.
Preloading 1 native plugins for Editor in 0.09 ms.
Invoked RoslynAnalysisRunner static constructor.
RoslynAnalysisRunner will not be running.
RoslynAnalysisRunner has terminated.
NullReferenceException: Object reference not set to an instance of an object
  at Unity.XR.Oculus.OculusLoader.AssetPathToAbsolutePath (System.String assetPath) [0x00048] in C:\Users\alexa\Documents\Unity Projects\PharoVRIDE\Library\PackageCache\com.unity.xr.oculus@1.8.1\Runtime\OculusLoader.cs:243 
  at Unity.XR.Oculus.OculusLoader.EditorLoadOVRPlugin () [0x0007b] in C:\Users\alexa\Documents\Unity Projects\PharoVRIDE\Library\PackageCache\com.unity.xr.oculus@1.8.1\Runtime\OculusLoader.cs:228 

(Filename: Library/PackageCache/com.unity.xr.oculus@1.8.1/Runtime/OculusLoader.cs Line: 243)

Mono: successfully reloaded assembly
- Completed reload, in  0.993 seconds
Platform modules already initialized, skipping
Assertion failed on expression: 'reloadOk'

Switching build target platform(5) subTarget(0) extendedPlatform(0) -> platform(13) subTarget(524294) extendedPlatform(0)
Refreshing native plugins compatible for Editor in 0.63 ms, found 8 plugins.
Preloading 1 native plugins for Editor in 0.07 ms.
Unloading 1821 Unused Serialized files (Serialized files now loaded: 0)
System memory in use before: 110.8 MB.
System memory in use after: 110.8 MB.

Unloading 54 unused Assets to reduce memory usage. Loaded Objects now: 2358.
Total: 2.068800 ms (FindLiveObjects: 0.173100 ms CreateObjectMapping: 0.060500 ms MarkObjects: 1.676300 ms  DeleteObjects: 0.157900 ms)

AssetImportParameters requested are different than current active one (requested -> active):
  custom:graphics/normal-map-encoding: 01000000000000000000000000000000 -> 02000000000000000000000000000000
========================================================================
Received Prepare
Refreshing native plugins compatible for Editor in 8.81 ms, found 8 plugins.
Preloading 1 native plugins for Editor in 0.07 ms.
Unloading 46 Unused Serialized files (Serialized files now loaded: 0)
System memory in use before: 75.9 MB.
System memory in use after: 75.9 MB.

Unloading 46 unused Assets to reduce memory usage. Loaded Objects now: 2358.
Total: 3.184500 ms (FindLiveObjects: 0.389500 ms CreateObjectMapping: 0.142600 ms MarkObjects: 2.422900 ms  DeleteObjects: 0.227500 ms)

========================================================================
Received Import Request.
  Time since last request: 1514.443356 seconds.
  path: Assets/Resources/Prefabs/3.0/UI/Browser.prefab
  artifactKey: Guid(98088061314bfa54cab46daa4c1bb778) Importer(815301076,1909f56bfc062723c751e8b465ee728b)
Start importing Assets/Resources/Prefabs/3.0/UI/Browser.prefab using Guid(98088061314bfa54cab46daa4c1bb778) Importer(815301076,1909f56bfc062723c751e8b465ee728b)  -> (artifact id: 'f5573de50067d163a926783cc1f8500f') in 0.184360 seconds
  Import took 0.189312 seconds .

========================================================================
Received Import Request.
  Time since last request: 0.000129 seconds.
  path: Assets/Resources/Prefabs/3.0/UI/Keyboards.prefab
  artifactKey: Guid(c3196275f8a467548b7939a150347be7) Importer(815301076,1909f56bfc062723c751e8b465ee728b)
Start importing Assets/Resources/Prefabs/3.0/UI/Keyboards.prefab using Guid(c3196275f8a467548b7939a150347be7) Importer(815301076,1909f56bfc062723c751e8b465ee728b)  -> (artifact id: 'f5c384e69f740609393dfcbee18899dd') in 0.052474 seconds
  Import took 0.056484 seconds .

========================================================================
Received Import Request.
  Time since last request: 0.000154 seconds.
  path: Assets/Resources/Prefabs/3.0/UI/Playground.prefab
  artifactKey: Guid(450e17a1d9a87614e8aff7ea7d71181d) Importer(815301076,1909f56bfc062723c751e8b465ee728b)
Start importing Assets/Resources/Prefabs/3.0/UI/Playground.prefab using Guid(450e17a1d9a87614e8aff7ea7d71181d) Importer(815301076,1909f56bfc062723c751e8b465ee728b)  -> (artifact id: '6df6104bd37304210730b113a0792279') in 0.085196 seconds
  Import took 0.089213 seconds .

========================================================================
Received Import Request.
  Time since last request: 106.972895 seconds.
  path: Assets/Resources/Prefabs/3.0/UI/Browser.prefab
  artifactKey: Guid(98088061314bfa54cab46daa4c1bb778) Importer(815301076,1909f56bfc062723c751e8b465ee728b)
Start importing Assets/Resources/Prefabs/3.0/UI/Browser.prefab using Guid(98088061314bfa54cab46daa4c1bb778) Importer(815301076,1909f56bfc062723c751e8b465ee728b)  -> (artifact id: '71df43be715b367281a05f038eab28a3') in 0.067544 seconds
  Import took 0.072069 seconds .

========================================================================
Received Import Request.
  Time since last request: 0.000146 seconds.
  path: Assets/Resources/Prefabs/3.0/UI/Keyboards.prefab
  artifactKey: Guid(c3196275f8a467548b7939a150347be7) Importer(815301076,1909f56bfc062723c751e8b465ee728b)
Start importing Assets/Resources/Prefabs/3.0/UI/Keyboards.prefab using Guid(c3196275f8a467548b7939a150347be7) Importer(815301076,1909f56bfc062723c751e8b465ee728b)  -> (artifact id: 'd58da8a790a4c3f7fbad7403fba73c0f') in 0.044185 seconds
  Import took 0.048017 seconds .

========================================================================
Received Import Request.
  Time since last request: 0.000147 seconds.
  path: Assets/Resources/Prefabs/3.0/UI/Playground.prefab
  artifactKey: Guid(450e17a1d9a87614e8aff7ea7d71181d) Importer(815301076,1909f56bfc062723c751e8b465ee728b)
Start importing Assets/Resources/Prefabs/3.0/UI/Playground.prefab using Guid(450e17a1d9a87614e8aff7ea7d71181d) Importer(815301076,1909f56bfc062723c751e8b465ee728b)  -> (artifact id: 'a9b625f19d8a57d4731f7e6cb5786d32') in 0.056477 seconds
  Import took 0.060662 seconds .

========================================================================
Received Prepare
Registering precompiled user dll's ...
Registered in 0.010230 seconds.
Begin MonoManager ReloadAssembly
Symbol file LoadedFromMemory is not a mono symbol file
Failed loading assembly 'Assets/Plugins/System.Drawing.dll' reason: File does not contain a valid CIL image
Loading assembly failed: "Assets/Plugins/System.Drawing.dll" reason: File does not contain a valid CIL image

Failed loading assembly 'Assets/Plugins/System.Drawing.Design.dll' reason: File does not contain a valid CIL image
Loading assembly failed: "Assets/Plugins/System.Drawing.Design.dll" reason: File does not contain a valid CIL image

Native extension for LinuxStandalone target not found
Native extension for WindowsStandalone target not found
Native extension for OSXStandalone target not found
Refreshing native plugins compatible for Editor in 0.66 ms, found 8 plugins.
Preloading 1 native plugins for Editor in 0.09 ms.
Invoked RoslynAnalysisRunner static constructor.
RoslynAnalysisRunner will not be running.
RoslynAnalysisRunner has terminated.
NullReferenceException: Object reference not set to an instance of an object
  at Unity.XR.Oculus.OculusLoader.AssetPathToAbsolutePath (System.String assetPath) [0x00048] in C:\Users\alexa\Documents\Unity Projects\PharoVRIDE\Library\PackageCache\com.unity.xr.oculus@1.8.1\Runtime\OculusLoader.cs:243 
  at Unity.XR.Oculus.OculusLoader.EditorLoadOVRPlugin () [0x0007b] in C:\Users\alexa\Documents\Unity Projects\PharoVRIDE\Library\PackageCache\com.unity.xr.oculus@1.8.1\Runtime\OculusLoader.cs:228 

(Filename: Library/PackageCache/com.unity.xr.oculus@1.8.1/Runtime/OculusLoader.cs Line: 243)

Mono: successfully reloaded assembly
- Completed reload, in  1.035 seconds
Platform modules already initialized, skipping
Assertion failed on expression: 'reloadOk'

Switching build target platform(5) subTarget(0) extendedPlatform(0) -> platform(13) subTarget(524294) extendedPlatform(0)
Refreshing native plugins compatible for Editor in 0.63 ms, found 8 plugins.
Preloading 1 native plugins for Editor in 0.07 ms.
Unloading 1821 Unused Serialized files (Serialized files now loaded: 0)
System memory in use before: 111.1 MB.
System memory in use after: 111.1 MB.

Unloading 54 unused Assets to reduce memory usage. Loaded Objects now: 2363.
Total: 2.016300 ms (FindLiveObjects: 0.170500 ms CreateObjectMapping: 0.068200 ms MarkObjects: 1.617400 ms  DeleteObjects: 0.159400 ms)

AssetImportParameters requested are different than current active one (requested -> active):
  custom:graphics/normal-map-encoding: 01000000000000000000000000000000 -> 02000000000000000000000000000000
========================================================================
Received Prepare
Registering precompiled user dll's ...
Registered in 0.009969 seconds.
Begin MonoManager ReloadAssembly
Symbol file LoadedFromMemory is not a mono symbol file
Failed loading assembly 'Assets/Plugins/System.Drawing.dll' reason: File does not contain a valid CIL image
Loading assembly failed: "Assets/Plugins/System.Drawing.dll" reason: File does not contain a valid CIL image

Failed loading assembly 'Assets/Plugins/System.Drawing.Design.dll' reason: File does not contain a valid CIL image
Loading assembly failed: "Assets/Plugins/System.Drawing.Design.dll" reason: File does not contain a valid CIL image

Native extension for LinuxStandalone target not found
Native extension for WindowsStandalone target not found
Native extension for OSXStandalone target not found
Refreshing native plugins compatible for Editor in 0.66 ms, found 8 plugins.
Preloading 1 native plugins for Editor in 0.09 ms.
Invoked RoslynAnalysisRunner static constructor.
RoslynAnalysisRunner will not be running.
RoslynAnalysisRunner has terminated.
NullReferenceException: Object reference not set to an instance of an object
  at Unity.XR.Oculus.OculusLoader.AssetPathToAbsolutePath (System.String assetPath) [0x00048] in C:\Users\alexa\Documents\Unity Projects\PharoVRIDE\Library\PackageCache\com.unity.xr.oculus@1.8.1\Runtime\OculusLoader.cs:243 
  at Unity.XR.Oculus.OculusLoader.EditorLoadOVRPlugin () [0x0007b] in C:\Users\alexa\Documents\Unity Projects\PharoVRIDE\Library\PackageCache\com.unity.xr.oculus@1.8.1\Runtime\OculusLoader.cs:228 

(Filename: Library/PackageCache/com.unity.xr.oculus@1.8.1/Runtime/OculusLoader.cs Line: 243)

Mono: successfully reloaded assembly
- Completed reload, in  1.037 seconds
Platform modules already initialized, skipping
Assertion failed on expression: 'reloadOk'

Switching build target platform(5) subTarget(0) extendedPlatform(0) -> platform(13) subTarget(524294) extendedPlatform(0)
Refreshing native plugins compatible for Editor in 0.64 ms, found 8 plugins.
Preloading 1 native plugins for Editor in 0.07 ms.
Unloading 1821 Unused Serialized files (Serialized files now loaded: 0)
System memory in use before: 111.1 MB.
System memory in use after: 111.1 MB.

Unloading 49 unused Assets to reduce memory usage. Loaded Objects now: 2367.
Total: 1.903800 ms (FindLiveObjects: 0.177000 ms CreateObjectMapping: 0.074500 ms MarkObjects: 1.506600 ms  DeleteObjects: 0.144900 ms)

AssetImportParameters requested are different than current active one (requested -> active):
  custom:graphics/normal-map-encoding: 01000000000000000000000000000000 -> 02000000000000000000000000000000
========================================================================
Received Prepare
Registering precompiled user dll's ...
Registered in 0.010303 seconds.
Begin MonoManager ReloadAssembly
Symbol file LoadedFromMemory is not a mono symbol file
Failed loading assembly 'Assets/Plugins/System.Drawing.dll' reason: File does not contain a valid CIL image
Loading assembly failed: "Assets/Plugins/System.Drawing.dll" reason: File does not contain a valid CIL image

Failed loading assembly 'Assets/Plugins/System.Drawing.Design.dll' reason: File does not contain a valid CIL image
Loading assembly failed: "Assets/Plugins/System.Drawing.Design.dll" reason: File does not contain a valid CIL image

Native extension for LinuxStandalone target not found
Native extension for WindowsStandalone target not found
Native extension for OSXStandalone target not found
Refreshing native plugins compatible for Editor in 0.67 ms, found 8 plugins.
Preloading 1 native plugins for Editor in 0.08 ms.
Invoked RoslynAnalysisRunner static constructor.
RoslynAnalysisRunner will not be running.
RoslynAnalysisRunner has terminated.
NullReferenceException: Object reference not set to an instance of an object
  at Unity.XR.Oculus.OculusLoader.AssetPathToAbsolutePath (System.String assetPath) [0x00048] in C:\Users\alexa\Documents\Unity Projects\PharoVRIDE\Library\PackageCache\com.unity.xr.oculus@1.8.1\Runtime\OculusLoader.cs:243 
  at Unity.XR.Oculus.OculusLoader.EditorLoadOVRPlugin () [0x0007b] in C:\Users\alexa\Documents\Unity Projects\PharoVRIDE\Library\PackageCache\com.unity.xr.oculus@1.8.1\Runtime\OculusLoader.cs:228 

(Filename: Library/PackageCache/com.unity.xr.oculus@1.8.1/Runtime/OculusLoader.cs Line: 243)

Mono: successfully reloaded assembly
- Completed reload, in  1.023 seconds
Platform modules already initialized, skipping
Assertion failed on expression: 'reloadOk'

Switching build target platform(5) subTarget(0) extendedPlatform(0) -> platform(13) subTarget(524294) extendedPlatform(0)
Refreshing native plugins compatible for Editor in 0.68 ms, found 8 plugins.
Preloading 1 native plugins for Editor in 0.07 ms.
Unloading 1821 Unused Serialized files (Serialized files now loaded: 0)
System memory in use before: 111.1 MB.
System memory in use after: 111.1 MB.

Unloading 49 unused Assets to reduce memory usage. Loaded Objects now: 2371.
Total: 2.073300 ms (FindLiveObjects: 0.215600 ms CreateObjectMapping: 0.061000 ms MarkObjects: 1.595900 ms  DeleteObjects: 0.200000 ms)

AssetImportParameters requested are different than current active one (requested -> active):
  custom:graphics/normal-map-encoding: 01000000000000000000000000000000 -> 02000000000000000000000000000000
========================================================================
Received Prepare
Registering precompiled user dll's ...
Registered in 0.010112 seconds.
Begin MonoManager ReloadAssembly
Symbol file LoadedFromMemory is not a mono symbol file
Failed loading assembly 'Assets/Plugins/System.Drawing.dll' reason: File does not contain a valid CIL image
Loading assembly failed: "Assets/Plugins/System.Drawing.dll" reason: File does not contain a valid CIL image

Failed loading assembly 'Assets/Plugins/System.Drawing.Design.dll' reason: File does not contain a valid CIL image
Loading assembly failed: "Assets/Plugins/System.Drawing.Design.dll" reason: File does not contain a valid CIL image

Native extension for LinuxStandalone target not found
Native extension for WindowsStandalone target not found
Native extension for OSXStandalone target not found
Refreshing native plugins compatible for Editor in 0.68 ms, found 8 plugins.
Preloading 1 native plugins for Editor in 0.08 ms.
Invoked RoslynAnalysisRunner static constructor.
RoslynAnalysisRunner will not be running.
RoslynAnalysisRunner has terminated.
NullReferenceException: Object reference not set to an instance of an object
  at Unity.XR.Oculus.OculusLoader.AssetPathToAbsolutePath (System.String assetPath) [0x00048] in C:\Users\alexa\Documents\Unity Projects\PharoVRIDE\Library\PackageCache\com.unity.xr.oculus@1.8.1\Runtime\OculusLoader.cs:243 
  at Unity.XR.Oculus.OculusLoader.EditorLoadOVRPlugin () [0x0007b] in C:\Users\alexa\Documents\Unity Projects\PharoVRIDE\Library\PackageCache\com.unity.xr.oculus@1.8.1\Runtime\OculusLoader.cs:228 

(Filename: Library/PackageCache/com.unity.xr.oculus@1.8.1/Runtime/OculusLoader.cs Line: 243)

Mono: successfully reloaded assembly
- Completed reload, in  1.017 seconds
Platform modules already initialized, skipping
Assertion failed on expression: 'reloadOk'

Switching build target platform(5) subTarget(0) extendedPlatform(0) -> platform(13) subTarget(524294) extendedPlatform(0)
Refreshing native plugins compatible for Editor in 0.76 ms, found 8 plugins.
Preloading 1 native plugins for Editor in 0.08 ms.
Unloading 1821 Unused Serialized files (Serialized files now loaded: 0)
System memory in use before: 111.2 MB.
System memory in use after: 111.1 MB.

Unloading 49 unused Assets to reduce memory usage. Loaded Objects now: 2375.
Total: 2.417800 ms (FindLiveObjects: 0.217900 ms CreateObjectMapping: 0.097100 ms MarkObjects: 1.925200 ms  DeleteObjects: 0.176700 ms)

AssetImportParameters requested are different than current active one (requested -> active):
  custom:graphics/normal-map-encoding: 01000000000000000000000000000000 -> 02000000000000000000000000000000
========================================================================
Received Prepare
Registering precompiled user dll's ...
Registered in 0.010209 seconds.
Begin MonoManager ReloadAssembly
Symbol file LoadedFromMemory is not a mono symbol file
Failed loading assembly 'Assets/Plugins/System.Drawing.dll' reason: File does not contain a valid CIL image
Loading assembly failed: "Assets/Plugins/System.Drawing.dll" reason: File does not contain a valid CIL image

Failed loading assembly 'Assets/Plugins/System.Drawing.Design.dll' reason: File does not contain a valid CIL image
Loading assembly failed: "Assets/Plugins/System.Drawing.Design.dll" reason: File does not contain a valid CIL image

Native extension for LinuxStandalone target not found
Native extension for WindowsStandalone target not found
Native extension for OSXStandalone target not found
Refreshing native plugins compatible for Editor in 0.70 ms, found 8 plugins.
Preloading 1 native plugins for Editor in 0.09 ms.
Invoked RoslynAnalysisRunner static constructor.
RoslynAnalysisRunner will not be running.
RoslynAnalysisRunner has terminated.
NullReferenceException: Object reference not set to an instance of an object
  at Unity.XR.Oculus.OculusLoader.AssetPathToAbsolutePath (System.String assetPath) [0x00048] in C:\Users\alexa\Documents\Unity Projects\PharoVRIDE\Library\PackageCache\com.unity.xr.oculus@1.8.1\Runtime\OculusLoader.cs:243 
  at Unity.XR.Oculus.OculusLoader.EditorLoadOVRPlugin () [0x0007b] in C:\Users\alexa\Documents\Unity Projects\PharoVRIDE\Library\PackageCache\com.unity.xr.oculus@1.8.1\Runtime\OculusLoader.cs:228 

(Filename: Library/PackageCache/com.unity.xr.oculus@1.8.1/Runtime/OculusLoader.cs Line: 243)

Mono: successfully reloaded assembly
- Completed reload, in  1.017 seconds
Platform modules already initialized, skipping
Assertion failed on expression: 'reloadOk'

Switching build target platform(5) subTarget(0) extendedPlatform(0) -> platform(13) subTarget(524294) extendedPlatform(0)
Refreshing native plugins compatible for Editor in 0.65 ms, found 8 plugins.
Preloading 1 native plugins for Editor in 0.07 ms.
Unloading 1821 Unused Serialized files (Serialized files now loaded: 0)
System memory in use before: 111.2 MB.
System memory in use after: 111.1 MB.

Unloading 49 unused Assets to reduce memory usage. Loaded Objects now: 2379.
Total: 2.134500 ms (FindLiveObjects: 0.308800 ms CreateObjectMapping: 0.070900 ms MarkObjects: 1.588200 ms  DeleteObjects: 0.165500 ms)

AssetImportParameters requested are different than current active one (requested -> active):
  custom:graphics/normal-map-encoding: 01000000000000000000000000000000 -> 02000000000000000000000000000000
========================================================================
Received Prepare
Registering precompiled user dll's ...
Registered in 0.014979 seconds.
Begin MonoManager ReloadAssembly
Symbol file LoadedFromMemory is not a mono symbol file
Failed loading assembly 'Assets/Plugins/System.Drawing.dll' reason: File does not contain a valid CIL image
Loading assembly failed: "Assets/Plugins/System.Drawing.dll" reason: File does not contain a valid CIL image

Failed loading assembly 'Assets/Plugins/System.Drawing.Design.dll' reason: File does not contain a valid CIL image
Loading assembly failed: "Assets/Plugins/System.Drawing.Design.dll" reason: File does not contain a valid CIL image

Native extension for LinuxStandalone target not found
Native extension for WindowsStandalone target not found
Native extension for OSXStandalone target not found
Refreshing native plugins compatible for Editor in 0.62 ms, found 8 plugins.
Preloading 1 native plugins for Editor in 0.08 ms.
Invoked RoslynAnalysisRunner static constructor.
RoslynAnalysisRunner will not be running.
RoslynAnalysisRunner has terminated.
NullReferenceException: Object reference not set to an instance of an object
  at Unity.XR.Oculus.OculusLoader.AssetPathToAbsolutePath (System.String assetPath) [0x00048] in C:\Users\alexa\Documents\Unity Projects\PharoVRIDE\Library\PackageCache\com.unity.xr.oculus@1.8.1\Runtime\OculusLoader.cs:243 
  at Unity.XR.Oculus.OculusLoader.EditorLoadOVRPlugin () [0x0007b] in C:\Users\alexa\Documents\Unity Projects\PharoVRIDE\Library\PackageCache\com.unity.xr.oculus@1.8.1\Runtime\OculusLoader.cs:228 

(Filename: Library/PackageCache/com.unity.xr.oculus@1.8.1/Runtime/OculusLoader.cs Line: 243)

Mono: successfully reloaded assembly
- Completed reload, in  0.999 seconds
Platform modules already initialized, skipping
Assertion failed on expression: 'reloadOk'

Switching build target platform(5) subTarget(0) extendedPlatform(0) -> platform(13) subTarget(524294) extendedPlatform(0)
Refreshing native plugins compatible for Editor in 0.66 ms, found 8 plugins.
Preloading 1 native plugins for Editor in 0.07 ms.
Unloading 1821 Unused Serialized files (Serialized files now loaded: 0)
System memory in use before: 111.2 MB.
System memory in use after: 111.1 MB.

Unloading 49 unused Assets to reduce memory usage. Loaded Objects now: 2383.
Total: 1.916500 ms (FindLiveObjects: 0.192300 ms CreateObjectMapping: 0.079000 ms MarkObjects: 1.495300 ms  DeleteObjects: 0.149200 ms)

AssetImportParameters requested are different than current active one (requested -> active):
  custom:graphics/normal-map-encoding: 01000000000000000000000000000000 -> 02000000000000000000000000000000
AssetImportWorkerClient::OnTransportError - code=2 error=End of file
