Using pre-set license
Built from '2020.2/release' branch; Version is '2020.2.0f1 (3721df5a8b28) revision 3613151'; Using compiler version '192528614'; Build Type 'Release'
OS: 'Windows 10  (10.0.0) 64bit' Language: 'es' Physical Memory: 16251 MB
BatchMode: 1, IsHumanControllingUs: 0, StartBugReporterOnCrash: 0, Is64bit: 1, IsPro: 0

 COMMAND LINE ARGUMENTS:
D:\Unity\2020.2.0f1\Editor\Unity.exe
-adb2
-batchMode
-noUpm
-name
AssetImportWorker1
-projectPath
C:/Users/alexa/Documents/Unity Projects/PharoVRIDE
-logFile
Logs/AssetImportWorker1.log
-srvPort
63246
Successfully changed project path to: C:/Users/alexa/Documents/Unity Projects/PharoVRIDE
C:/Users/alexa/Documents/Unity Projects/PharoVRIDE
Using Asset Import Pipeline V2.
Refreshing native plugins compatible for Editor in 90.12 ms, found 21 plugins.
Preloading 2 native plugins for Editor in 1.33 ms.
Initialize engine version: 2020.2.0f1 (3721df5a8b28)
[Subsystems] Discovering subsystems at path D:/Unity/2020.2.0f1/Editor/Data/Resources/UnitySubsystems
[Subsystems] Discovering subsystems at path C:/Users/alexa/Documents/Unity Projects/PharoVRIDE/Assets
GfxDevice: creating device client; threaded=0
Direct3D:
    Version:  Direct3D 11.0 [level 11.1]
    Renderer: NVIDIA GeForce RTX 2060 (ID=0x1f15)
    Vendor:   
    VRAM:     5980 MB
    Driver:   27.21.14.5211
Shader 'Oculus/OVRMRCameraFrameLit': fallback shader 'Alpha-Diffuse' not found
Initialize mono
Mono path[0] = 'D:/Unity/2020.2.0f1/Editor/Data/Managed'
Mono path[1] = 'D:/Unity/2020.2.0f1/Editor/Data/MonoBleedingEdge/lib/mono/unityjit'
Mono config path = 'D:/Unity/2020.2.0f1/Editor/Data/MonoBleedingEdge/etc'
Using monoOptions --debugger-agent=transport=dt_socket,embedding=1,server=y,suspend=n,address=127.0.0.1:56336
Begin MonoManager ReloadAssembly
Registering precompiled unity dll's ...
Register platform support module: D:/Unity/2020.2.0f1/Editor/Data/PlaybackEngines/WebGLSupport/UnityEditor.WebGL.Extensions.dll
Register platform support module: D:/Unity/2020.2.0f1/Editor/Data/PlaybackEngines/MacStandaloneSupport/UnityEditor.OSXStandalone.Extensions.dll
Register platform support module: D:/Unity/2020.2.0f1/Editor/Data/PlaybackEngines/WindowsStandaloneSupport/UnityEditor.WindowsStandalone.Extensions.dll
Register platform support module: D:/Unity/2020.2.0f1/Editor/Data/PlaybackEngines/LinuxStandaloneSupport/UnityEditor.LinuxStandalone.Extensions.dll
Registered in 0.001029 seconds.
Native extension for LinuxStandalone target not found
Native extension for WindowsStandalone target not found
Native extension for OSXStandalone target not found
Native extension for WebGL target not found
Refreshing native plugins compatible for Editor in 64.14 ms, found 21 plugins.
Preloading 2 native plugins for Editor in 0.09 ms.
Invoked RoslynAnalysisRunner static constructor.
RoslynAnalysisRunner will not be running.
RoslynAnalysisRunner has terminated.
Mono: successfully reloaded assembly
- Completed reload, in  6.780 seconds
Platform modules already initialized, skipping
Registering precompiled user dll's ...
Registered in 0.208859 seconds.
Begin MonoManager ReloadAssembly
Failed loading assembly 'Assets/Plugins/System.Drawing.dll' reason: File does not contain a valid CIL image
Loading assembly failed: "Assets/Plugins/System.Drawing.dll" reason: File does not contain a valid CIL image

Symbol file LoadedFromMemory is not a mono symbol file
Failed loading assembly 'Assets/Plugins/System.Drawing.Design.dll' reason: File does not contain a valid CIL image
Loading assembly failed: "Assets/Plugins/System.Drawing.Design.dll" reason: File does not contain a valid CIL image

Native extension for LinuxStandalone target not found
Native extension for WindowsStandalone target not found
Native extension for OSXStandalone target not found
Native extension for WebGL target not found
Refreshing native plugins compatible for Editor in 66.46 ms, found 21 plugins.
Preloading 2 native plugins for Editor in 0.10 ms.
Invoked RoslynAnalysisRunner static constructor.
RoslynAnalysisRunner will not be running.
RoslynAnalysisRunner has terminated.
[XR] OculusXRPlugin: registering subsystems
[XR] Unable to register display lifecyle provider: [1]
[XR] Oculus Input lifecycle provider registered.
[XR] Unable to register input lifecyle provider: [1]
[XR] OVRP version 1.52.1
Mono: successfully reloaded assembly
- Completed reload, in  1.243 seconds
Platform modules already initialized, skipping
Assertion failed on expression: 'reloadOk'

========================================================================
Worker process is ready to serve import requests
Shader 'Oculus/OVRMRCameraFrameLit': fallback shader 'Alpha-Diffuse' not found
Launched and connected shader compiler UnityShaderCompiler.exe after 0.17 seconds
Refreshing native plugins compatible for Editor in 1.28 ms, found 21 plugins.
Preloading 2 native plugins for Editor in 0.11 ms.
Unloading 2933 Unused Serialized files (Serialized files now loaded: 0)
System memory in use before: 138.6 MB.
System memory in use after: 138.6 MB.

Unloading 101 unused Assets to reduce memory usage. Loaded Objects now: 3305.
Total: 2.297300 ms (FindLiveObjects: 0.282300 ms CreateObjectMapping: 0.149600 ms MarkObjects: 1.775000 ms  DeleteObjects: 0.089100 ms)

========================================================================
Received Import Request.
  path: Assets/Scripts/UI/Objects/Playground.cs
  artifactKey: Guid(3f5a06f94de2c314b96313c0183ccb45) Importer(815301076,1909f56bfc062723c751e8b465ee728b)
Start importing Assets/Scripts/UI/Objects/Playground.cs using Guid(3f5a06f94de2c314b96313c0183ccb45) Importer(815301076,1909f56bfc062723c751e8b465ee728b)  -> (artifact id: 'f419d48cebaeac702cad00b8df766c69') in 0.195378 seconds
  Import took 0.200068 seconds .

AssetImportWorkerClient::OnTransportError - code=2 error=End of file
