
=== Tue Mar 17 16:16:41 2020

Packages were changed.
Update Mode: mergeDefaultDependencies

The following packages were updated:
  com.unity.analytics from version 3.2.2 to 3.3.2
  com.unity.collab-proxy from version 1.2.9 to 1.2.16
  com.unity.package-manager-ui from version 2.1.1 to 2.1.2
  com.unity.purchasing from version 2.0.1 to 2.0.6
  com.unity.textmeshpro from version 1.3.0 to 2.0.1
  com.unity.timeline from version 0.0.0-builtin to 1.0.0

=== Fri Jun 19 21:35:47 2020

Packages were changed.
Update Mode: updateDependencies

The following packages were added:
  com.unity.2d.sprite@1.0.0
  com.unity.2d.tilemap@1.0.0
  com.unity.ide.rider@1.1.4
  com.unity.ide.vscode@1.2.1
  com.unity.modules.androidjni@1.0.0
  com.unity.test-framework@1.1.14
  com.unity.ugui@1.0.0
The following packages were updated:
  com.unity.addressables from version 1.8.3 to 1.8.4
  com.unity.ads from version 2.0.8 to 3.4.5
  com.unity.analytics from version 3.3.2 to 3.3.5
  com.unity.timeline from version 1.0.0 to 1.2.6
  com.unity.vectorgraphics from version 1.0.0-preview.34 to 2.0.0-preview.2
  com.unity.xr.oculus.standalone from version 1.38.4 to 2.38.4
  com.unity.xr.openvr.standalone from version 1.0.5 to 2.0.5
The following packages were removed:
  com.unity.package-manager-ui@2.1.2

=== Tue Jul 21 19:02:02 2020

Packages were changed.
Update Mode: updateDependencies

The following packages were updated:
  com.unity.ads from version 3.4.5 to 3.4.7

=== Sun Oct 18 21:02:12 2020

Packages were changed.
Update Mode: updateDependencies

The following packages were added:
  com.unity.ide.visualstudio@2.0.2
The following packages were updated:
  com.unity.collab-proxy from version 1.2.16 to 1.3.9
  com.unity.ide.rider from version 1.1.4 to 1.2.1
  com.unity.textmeshpro from version 2.0.1 to 3.0.1
  com.unity.xr.oculus from version 1.3.4 to 1.5.0
